#
# There is insufficient memory for the Java Runtime Environment to continue.
# Native memory allocation (malloc) failed to allocate 1048576 bytes for AllocateHeap
# Possible reasons:
#   The system is out of physical RAM or swap space
#   The process is running with CompressedOops enabled, and the Java Heap may be blocking the growth of the native heap
# Possible solutions:
#   Reduce memory load on the system
#   Increase physical memory or swap space
#   Check if swap backing store is full
#   Decrease Java heap size (-Xmx/-Xms)
#   Decrease number of Java threads
#   Decrease Java thread stack sizes (-Xss)
#   Set larger code cache with -XX:ReservedCodeCacheSize=
#   JVM is running with Unscaled Compressed Oops mode in which the Java heap is
#     placed in the first 4GB address space. The Java Heap base address is the
#     maximum limit for the native heap growth. Please use -XX:HeapBaseMinAddress
#     to set the Java Heap base and to place the Java Heap above 4GB virtual address.
# This output file may be truncated or incomplete.
#
#  Out of Memory Error (allocation.cpp:44), pid=3488, tid=17448
#
# JRE version: Java(TM) SE Runtime Environment (17.0.11+7) (build 17.0.11+7-LTS-207)
# Java VM: Java HotSpot(TM) 64-Bit Server VM (17.0.11+7-LTS-207, mixed mode, emulated-client, sharing, tiered, compressed oops, compressed class ptrs, g1 gc, windows-amd64)
# No core dump will be written. Minidumps are not enabled by default on client versions of Windows
#

---------------  S U M M A R Y ------------

Command Line: -XX:TieredStopAtLevel=1 com.insurance.NewInsuranceApplication

Host: Intel(R) Core(TM) i7-6700 CPU @ 3.40GHz, 8 cores, 7G,  Windows 10 , 64 bit Build 19041 (10.0.19041.4717)
Time: Wed Sep 11 17:31:08 2024 India Standard Time elapsed time: 150.850495 seconds (0d 0h 2m 30s)

---------------  T H R E A D  ---------------

Current thread (0x0000020f737754c0):  VMThread "VM Thread" [stack: 0x00000070cf500000,0x00000070cf600000] [id=17448]

Stack: [0x00000070cf500000,0x00000070cf600000]
Native frames: (J=compiled Java code, j=interpreted, Vv=VM code, C=native code)
V  [jvm.dll+0x679cca]
V  [jvm.dll+0x7da13d]
V  [jvm.dll+0x7dba83]
V  [jvm.dll+0x7dc0f3]
V  [jvm.dll+0x2449af]
V  [jvm.dll+0xa5e73]
V  [jvm.dll+0x2f2af3]
V  [jvm.dll+0x2eea70]
V  [jvm.dll+0x2d7207]
V  [jvm.dll+0x31a027]
V  [jvm.dll+0x7e09eb]
V  [jvm.dll+0x7e1724]
V  [jvm.dll+0x7e1c3d]
V  [jvm.dll+0x7e2014]
V  [jvm.dll+0x7e20e0]
V  [jvm.dll+0x78a85a]
V  [jvm.dll+0x678bb5]
C  [ucrtbase.dll+0x21bb2]
C  [KERNEL32.DLL+0x17374]
C  [ntdll.dll+0x4cc91]

VM_Operation (0x00000070cecfedd0): G1CollectFull, mode: safepoint, requested by thread 0x0000020f791e3aa0


---------------  P R O C E S S  ---------------

Threads class SMR info:
_java_thread_list=0x0000020f7a756840, length=17, elements={
0x0000020f7377af40, 0x0000020f7377c270, 0x0000020f737908a0, 0x0000020f73791430,
0x0000020f737934b0, 0x0000020f73794520, 0x0000020f73798a90, 0x0000020f7379cb00,
0x0000020f739fe230, 0x0000020f73a10350, 0x0000020f791e3080, 0x0000020f7a299750,
0x0000020f7a2973e0, 0x0000020f7a29c9f0, 0x0000020f7a2978f0, 0x0000020f7a29a680,
0x0000020f791e3aa0
}

Java Threads: ( => current thread )
  0x0000020f7377af40 JavaThread "Reference Handler" daemon [_thread_blocked, id=21444, stack(0x00000070cf600000,0x00000070cf700000)]
  0x0000020f7377c270 JavaThread "Finalizer" daemon [_thread_blocked, id=26028, stack(0x00000070cf700000,0x00000070cf800000)]
  0x0000020f737908a0 JavaThread "Signal Dispatcher" daemon [_thread_blocked, id=7952, stack(0x00000070cf800000,0x00000070cf900000)]
  0x0000020f73791430 JavaThread "Attach Listener" daemon [_thread_blocked, id=19960, stack(0x00000070cf900000,0x00000070cfa00000)]
  0x0000020f737934b0 JavaThread "Service Thread" daemon [_thread_blocked, id=23748, stack(0x00000070cfa00000,0x00000070cfb00000)]
  0x0000020f73794520 JavaThread "Monitor Deflation Thread" daemon [_thread_blocked, id=25372, stack(0x00000070cfb00000,0x00000070cfc00000)]
  0x0000020f73798a90 JavaThread "C1 CompilerThread0" daemon [_thread_blocked, id=24060, stack(0x00000070cfc00000,0x00000070cfd00000)]
  0x0000020f7379cb00 JavaThread "Sweeper thread" daemon [_thread_blocked, id=16468, stack(0x00000070cfd00000,0x00000070cfe00000)]
  0x0000020f739fe230 JavaThread "Notification Thread" daemon [_thread_blocked, id=15524, stack(0x00000070d0000000,0x00000070d0100000)]
  0x0000020f73a10350 JavaThread "Common-Cleaner" daemon [_thread_blocked, id=4664, stack(0x00000070d0200000,0x00000070d0300000)]
  0x0000020f791e3080 JavaThread "mysql-cj-abandoned-connection-cleanup" daemon [_thread_blocked, id=10984, stack(0x00000070d1000000,0x00000070d1100000)]
  0x0000020f7a299750 JavaThread "DestroyJavaVM" [_thread_blocked, id=8464, stack(0x00000070cef00000,0x00000070cf000000)]
  0x0000020f7a2973e0 JavaThread "ForkJoinPool.commonPool-worker-1" daemon [_thread_blocked, id=23920, stack(0x00000070cfe00000,0x00000070cff00000)]
  0x0000020f7a29c9f0 JavaThread "ForkJoinPool.commonPool-worker-2" daemon [_thread_blocked, id=19540, stack(0x00000070cff00000,0x00000070d0000000)]
  0x0000020f7a2978f0 JavaThread "ForkJoinPool.commonPool-worker-3" daemon [_thread_blocked, id=14144, stack(0x00000070d0300000,0x00000070d0400000)]
  0x0000020f7a29a680 JavaThread "ForkJoinPool.commonPool-worker-4" daemon [_thread_blocked, id=23928, stack(0x00000070d0400000,0x00000070d0500000)]
  0x0000020f791e3aa0 JavaThread "Thread-13" [_thread_blocked, id=15800, stack(0x00000070cec00000,0x00000070ced00000)]

Other Threads:
=>0x0000020f737754c0 VMThread "VM Thread" [stack: 0x00000070cf500000,0x00000070cf600000] [id=17448]
  0x0000020f6188b600 WatcherThread [stack: 0x00000070d0100000,0x00000070d0200000] [id=22616]
  0x0000020f618710f0 GCTaskThread "GC Thread#0" [stack: 0x00000070cf000000,0x00000070cf100000] [id=10208]
  0x0000020f78400320 GCTaskThread "GC Thread#1" [stack: 0x00000070d0500000,0x00000070d0600000] [id=15080]
  0x0000020f78409aa0 GCTaskThread "GC Thread#2" [stack: 0x00000070d0600000,0x00000070d0700000] [id=22820]
  0x0000020f78409d60 GCTaskThread "GC Thread#3" [stack: 0x00000070d0700000,0x00000070d0800000] [id=9156]
  0x0000020f7840a830 GCTaskThread "GC Thread#4" [stack: 0x00000070d0800000,0x00000070d0900000] [id=10088]
  0x0000020f78439380 GCTaskThread "GC Thread#5" [stack: 0x00000070d0900000,0x00000070d0a00000] [id=20144]
  0x0000020f7843ac70 GCTaskThread "GC Thread#6" [stack: 0x00000070d0b00000,0x00000070d0c00000] [id=26212]
  0x0000020f78686f40 GCTaskThread "GC Thread#7" [stack: 0x00000070d0c00000,0x00000070d0d00000] [id=18684]
  0x0000020f61884690 ConcurrentGCThread "G1 Main Marker" [stack: 0x00000070cf100000,0x00000070cf200000] [id=3784]
  0x0000020f61884eb0 ConcurrentGCThread "G1 Conc#0" [stack: 0x00000070cf200000,0x00000070cf300000] [id=20796]
  0x0000020f78c3b0f0 ConcurrentGCThread "G1 Conc#1" [stack: 0x00000070d0a00000,0x00000070d0b00000] [id=14268]
  0x0000020f736324b0 ConcurrentGCThread "G1 Refine#0" [stack: 0x00000070cf300000,0x00000070cf400000] [id=26268]
  0x0000020f618da790 ConcurrentGCThread "G1 Service" [stack: 0x00000070cf400000,0x00000070cf500000] [id=22928]

Threads with active compile tasks:

VM state: at safepoint (normal execution)

VM Mutex/Monitor currently owned by a thread:  ([mutex/lock_event])
[0x0000020f61808820] Threads_lock - owner thread: 0x0000020f737754c0
[0x0000020f61808f70] Heap_lock - owner thread: 0x0000020f791e3aa0

Heap address: 0x0000000081c00000, size: 2020 MB, Compressed Oops mode: 32-bit

CDS archive(s) mapped at: [0x0000020f00000000-0x0000020f00bd0000-0x0000020f00bd0000), size 12386304, SharedBaseAddress: 0x0000020f00000000, ArchiveRelocationMode: 1.
Compressed class space mapped at: 0x0000020f01000000-0x0000020f41000000, reserved size: 1073741824
Narrow klass base: 0x0000020f00000000, Narrow klass shift: 0, Narrow klass range: 0x100000000

GC Precious Log:
 CPUs: 8 total, 8 available
 Memory: 8075M
 Large Page Support: Disabled
 NUMA Support: Disabled
 Compressed Oops: Enabled (32-bit)
 Heap Region Size: 1M
 Heap Min Capacity: 8M
 Heap Initial Capacity: 128M
 Heap Max Capacity: 2020M
 Pre-touch: Disabled
 Parallel Workers: 8
 Concurrent Workers: 2
 Concurrent Refinement Workers: 8
 Periodic GC: Disabled

Heap:
 garbage-first heap   total 83968K, used 37210K [0x0000000081c00000, 0x0000000100000000)
  region size 1024K, 6 young (6144K), 3 survivors (3072K)
 Metaspace       used 70543K, committed 71168K, reserved 1114112K
  class space    used 10210K, committed 10496K, reserved 1048576K

Heap Regions: E=young(eden), S=young(survivor), O=old, HS=humongous(starts), HC=humongous(continues), CS=collection set, F=free, OA=open archive, CA=closed archive, TAMS=top-at-mark-start (previous, next)
|   0|0x0000000081c00000, 0x0000000081d00000, 0x0000000081d00000|100%|HS|  |TAMS 0x0000000081d00000, 0x0000000081c00000| Untracked 
|   1|0x0000000081d00000, 0x0000000081dffff0, 0x0000000081e00000| 99%| O|  |TAMS 0x0000000081dffff0, 0x0000000081d00000| Untracked 
|   2|0x0000000081e00000, 0x0000000081effff0, 0x0000000081f00000| 99%| O|  |TAMS 0x0000000081effff0, 0x0000000081e00000| Untracked 
|   3|0x0000000081f00000, 0x0000000081fffff0, 0x0000000082000000| 99%| O|  |TAMS 0x0000000081fffff0, 0x0000000081f00000| Untracked 
|   4|0x0000000082000000, 0x0000000082100000, 0x0000000082100000|100%| O|  |TAMS 0x0000000082100000, 0x0000000082000000| Untracked 
|   5|0x0000000082100000, 0x0000000082200000, 0x0000000082200000|100%| O|  |TAMS 0x0000000082200000, 0x0000000082100000| Untracked 
|   6|0x0000000082200000, 0x00000000822fff98, 0x0000000082300000| 99%| O|  |TAMS 0x00000000822fff98, 0x0000000082200000| Untracked 
|   7|0x0000000082300000, 0x00000000823ffff8, 0x0000000082400000| 99%| O|  |TAMS 0x00000000823ffff8, 0x0000000082300000| Untracked 
|   8|0x0000000082400000, 0x00000000824ffff0, 0x0000000082500000| 99%| O|  |TAMS 0x00000000824ffff0, 0x0000000082400000| Untracked 
|   9|0x0000000082500000, 0x00000000825ffff8, 0x0000000082600000| 99%| O|  |TAMS 0x00000000825ffff8, 0x0000000082500000| Untracked 
|  10|0x0000000082600000, 0x00000000826fffd0, 0x0000000082700000| 99%| O|  |TAMS 0x00000000826fffd0, 0x0000000082600000| Untracked 
|  11|0x0000000082700000, 0x00000000827fffd0, 0x0000000082800000| 99%| O|  |TAMS 0x00000000827fffd0, 0x0000000082700000| Untracked 
|  12|0x0000000082800000, 0x00000000828ffff0, 0x0000000082900000| 99%| O|  |TAMS 0x00000000828ffff0, 0x0000000082800000| Untracked 
|  13|0x0000000082900000, 0x00000000829ffff8, 0x0000000082a00000| 99%| O|  |TAMS 0x00000000829ffff8, 0x0000000082900000| Untracked 
|  14|0x0000000082a00000, 0x0000000082af8188, 0x0000000082b00000| 96%| O|  |TAMS 0x0000000082af8188, 0x0000000082a00000| Untracked 
|  15|0x0000000082b00000, 0x0000000082c00000, 0x0000000082c00000|100%| O|  |TAMS 0x0000000082c00000, 0x0000000082b00000| Untracked 
|  16|0x0000000082c00000, 0x0000000082d00000, 0x0000000082d00000|100%| O|  |TAMS 0x0000000082d00000, 0x0000000082c00000| Untracked 
|  17|0x0000000082d00000, 0x0000000082dffe18, 0x0000000082e00000| 99%| O|  |TAMS 0x0000000082dffe18, 0x0000000082d00000| Untracked 
|  18|0x0000000082e00000, 0x0000000082effff0, 0x0000000082f00000| 99%| O|  |TAMS 0x0000000082effff0, 0x0000000082e00000| Untracked 
|  19|0x0000000082f00000, 0x0000000082ffffd8, 0x0000000083000000| 99%| O|  |TAMS 0x0000000082ffffd8, 0x0000000082f00000| Untracked 
|  20|0x0000000083000000, 0x0000000083100000, 0x0000000083100000|100%| O|  |TAMS 0x0000000083000000, 0x0000000083000000| Untracked 
|  21|0x0000000083100000, 0x00000000831ffff8, 0x0000000083200000| 99%| O|  |TAMS 0x00000000831ffff8, 0x0000000083100000| Untracked 
|  22|0x0000000083200000, 0x0000000083300000, 0x0000000083300000|100%| O|  |TAMS 0x0000000083200000, 0x0000000083200000| Untracked 
|  23|0x0000000083300000, 0x00000000833fffe8, 0x0000000083400000| 99%| O|  |TAMS 0x0000000083300000, 0x0000000083300000| Untracked 
|  24|0x0000000083400000, 0x00000000834ffff8, 0x0000000083500000| 99%| O|  |TAMS 0x0000000083400000, 0x0000000083400000| Untracked 
|  25|0x0000000083500000, 0x000000008356b8b8, 0x0000000083600000| 42%| O|  |TAMS 0x0000000083500000, 0x0000000083500000| Untracked 
|  26|0x0000000083600000, 0x0000000083700000, 0x0000000083700000|100%| O|  |TAMS 0x0000000083600000, 0x0000000083600000| Untracked 
|  27|0x0000000083700000, 0x0000000083800000, 0x0000000083800000|100%| O|  |TAMS 0x0000000083700000, 0x0000000083700000| Untracked 
|  28|0x0000000083800000, 0x000000008382f8f0, 0x0000000083900000| 18%| O|  |TAMS 0x0000000083800000, 0x0000000083800000| Untracked 
|  29|0x0000000083900000, 0x00000000839c7288, 0x0000000083a00000| 77%| O|  |TAMS 0x0000000083900000, 0x0000000083900000| Untracked 
|  30|0x0000000083a00000, 0x0000000083a51e20, 0x0000000083b00000| 31%| O|  |TAMS 0x0000000083a00000, 0x0000000083a00000| Untracked 
|  31|0x0000000083b00000, 0x0000000083b2e7c0, 0x0000000083c00000| 18%| O|  |TAMS 0x0000000083b00000, 0x0000000083b00000| Untracked 
|  32|0x0000000083c00000, 0x0000000083d00000, 0x0000000083d00000|100%| O|  |TAMS 0x0000000083c00000, 0x0000000083c00000| Untracked 
|  33|0x0000000083d00000, 0x0000000083e00000, 0x0000000083e00000|100%| O|  |TAMS 0x0000000083d00000, 0x0000000083d00000| Untracked 
|  34|0x0000000083e00000, 0x0000000083f00000, 0x0000000083f00000|100%| O|  |TAMS 0x0000000083e00000, 0x0000000083e00000| Untracked 
|  35|0x0000000083f00000, 0x0000000083f19c00, 0x0000000084000000| 10%| O|  |TAMS 0x0000000083f00000, 0x0000000083f00000| Untracked 
|  36|0x0000000084000000, 0x0000000084000000, 0x0000000084100000|  0%| F|  |TAMS 0x0000000084000000, 0x0000000084000000| Untracked 
|  37|0x0000000084100000, 0x0000000084100000, 0x0000000084200000|  0%| F|  |TAMS 0x0000000084100000, 0x0000000084100000| Untracked 
|  38|0x0000000084200000, 0x0000000084200000, 0x0000000084300000|  0%| F|  |TAMS 0x0000000084200000, 0x0000000084200000| Untracked 
|  39|0x0000000084300000, 0x0000000084300000, 0x0000000084400000|  0%| F|  |TAMS 0x0000000084300000, 0x0000000084300000| Untracked 
|  40|0x0000000084400000, 0x0000000084400000, 0x0000000084500000|  0%| F|  |TAMS 0x0000000084400000, 0x0000000084400000| Untracked 
|  41|0x0000000084500000, 0x0000000084500000, 0x0000000084600000|  0%| F|  |TAMS 0x0000000084500000, 0x0000000084500000| Untracked 
|  42|0x0000000084600000, 0x0000000084600000, 0x0000000084700000|  0%| F|  |TAMS 0x0000000084600000, 0x0000000084600000| Untracked 
|  43|0x0000000084700000, 0x0000000084700000, 0x0000000084800000|  0%| F|  |TAMS 0x0000000084700000, 0x0000000084700000| Untracked 
|  44|0x0000000084800000, 0x0000000084800000, 0x0000000084900000|  0%| F|  |TAMS 0x0000000084800000, 0x0000000084800000| Untracked 
|  45|0x0000000084900000, 0x0000000084900000, 0x0000000084a00000|  0%| F|  |TAMS 0x0000000084900000, 0x0000000084900000| Untracked 
|  46|0x0000000084a00000, 0x0000000084a00000, 0x0000000084b00000|  0%| F|  |TAMS 0x0000000084a00000, 0x0000000084a00000| Untracked 
|  47|0x0000000084b00000, 0x0000000084b62730, 0x0000000084c00000| 38%| S|CS|TAMS 0x0000000084b00000, 0x0000000084b00000| Complete 
|  48|0x0000000084c00000, 0x0000000084c00000, 0x0000000084d00000|  0%| F|  |TAMS 0x0000000084c00000, 0x0000000084c00000| Untracked 
|  49|0x0000000084d00000, 0x0000000084d00000, 0x0000000084e00000|  0%| F|  |TAMS 0x0000000084d00000, 0x0000000084d00000| Untracked 
|  50|0x0000000084e00000, 0x0000000084f00000, 0x0000000084f00000|100%| S|CS|TAMS 0x0000000084e00000, 0x0000000084e00000| Complete 
|  51|0x0000000084f00000, 0x0000000085000000, 0x0000000085000000|100%| S|CS|TAMS 0x0000000084f00000, 0x0000000084f00000| Complete 
|  52|0x0000000085000000, 0x0000000085000000, 0x0000000085100000|  0%| F|  |TAMS 0x0000000085000000, 0x0000000085000000| Untracked 
|  53|0x0000000085100000, 0x0000000085100000, 0x0000000085200000|  0%| F|  |TAMS 0x0000000085100000, 0x0000000085100000| Untracked 
|  54|0x0000000085200000, 0x0000000085200000, 0x0000000085300000|  0%| F|  |TAMS 0x0000000085200000, 0x0000000085200000| Untracked 
|  55|0x0000000085300000, 0x0000000085300000, 0x0000000085400000|  0%| F|  |TAMS 0x0000000085300000, 0x0000000085300000| Untracked 
|  56|0x0000000085400000, 0x0000000085400000, 0x0000000085500000|  0%| F|  |TAMS 0x0000000085400000, 0x0000000085400000| Untracked 
|  57|0x0000000085500000, 0x0000000085500000, 0x0000000085600000|  0%| F|  |TAMS 0x0000000085500000, 0x0000000085500000| Untracked 
|  58|0x0000000085600000, 0x0000000085600000, 0x0000000085700000|  0%| F|  |TAMS 0x0000000085600000, 0x0000000085600000| Untracked 
|  59|0x0000000085700000, 0x0000000085700000, 0x0000000085800000|  0%| F|  |TAMS 0x0000000085700000, 0x0000000085700000| Untracked 
|  60|0x0000000085800000, 0x0000000085800000, 0x0000000085900000|  0%| F|  |TAMS 0x0000000085800000, 0x0000000085800000| Untracked 
|  61|0x0000000085900000, 0x0000000085900000, 0x0000000085a00000|  0%| F|  |TAMS 0x0000000085900000, 0x0000000085900000| Untracked 
|  62|0x0000000085a00000, 0x0000000085a00000, 0x0000000085b00000|  0%| F|  |TAMS 0x0000000085a00000, 0x0000000085a00000| Untracked 
|  63|0x0000000085b00000, 0x0000000085b00000, 0x0000000085c00000|  0%| F|  |TAMS 0x0000000085b00000, 0x0000000085b00000| Untracked 
|  64|0x0000000085c00000, 0x0000000085c00000, 0x0000000085d00000|  0%| F|  |TAMS 0x0000000085c00000, 0x0000000085c00000| Untracked 
|  65|0x0000000085d00000, 0x0000000085d00000, 0x0000000085e00000|  0%| F|  |TAMS 0x0000000085d00000, 0x0000000085d00000| Untracked 
|  66|0x0000000085e00000, 0x0000000085e00000, 0x0000000085f00000|  0%| F|  |TAMS 0x0000000085e00000, 0x0000000085e00000| Untracked 
|  67|0x0000000085f00000, 0x0000000085f00000, 0x0000000086000000|  0%| F|  |TAMS 0x0000000085f00000, 0x0000000085f00000| Untracked 
|  68|0x0000000086000000, 0x0000000086000000, 0x0000000086100000|  0%| F|  |TAMS 0x0000000086000000, 0x0000000086000000| Untracked 
|  69|0x0000000086100000, 0x0000000086100000, 0x0000000086200000|  0%| F|  |TAMS 0x0000000086100000, 0x0000000086100000| Untracked 
|  70|0x0000000086200000, 0x0000000086200000, 0x0000000086300000|  0%| F|  |TAMS 0x0000000086200000, 0x0000000086200000| Untracked 
|  71|0x0000000086300000, 0x0000000086300000, 0x0000000086400000|  0%| F|  |TAMS 0x0000000086300000, 0x0000000086300000| Untracked 
|  72|0x0000000086400000, 0x0000000086400000, 0x0000000086500000|  0%| F|  |TAMS 0x0000000086400000, 0x0000000086400000| Untracked 
|  73|0x0000000086500000, 0x0000000086500000, 0x0000000086600000|  0%| F|  |TAMS 0x0000000086500000, 0x0000000086500000| Untracked 
|  74|0x0000000086600000, 0x0000000086600000, 0x0000000086700000|  0%| F|  |TAMS 0x0000000086600000, 0x0000000086600000| Untracked 
|  75|0x0000000086700000, 0x0000000086700000, 0x0000000086800000|  0%| F|  |TAMS 0x0000000086700000, 0x0000000086700000| Untracked 
|  76|0x0000000086800000, 0x0000000086800000, 0x0000000086900000|  0%| F|  |TAMS 0x0000000086800000, 0x0000000086800000| Untracked 
|  77|0x0000000086900000, 0x0000000086900000, 0x0000000086a00000|  0%| F|  |TAMS 0x0000000086900000, 0x0000000086900000| Untracked 
|  78|0x0000000086a00000, 0x0000000086a00000, 0x0000000086b00000|  0%| F|  |TAMS 0x0000000086a00000, 0x0000000086a00000| Untracked 
|  79|0x0000000086b00000, 0x0000000086b5a5e8, 0x0000000086c00000| 35%| E|  |TAMS 0x0000000086b00000, 0x0000000086b00000| Complete 
| 126|0x0000000089a00000, 0x0000000089b00000, 0x0000000089b00000|100%| E|CS|TAMS 0x0000000089a00000, 0x0000000089a00000| Complete 
| 127|0x0000000089b00000, 0x0000000089c00000, 0x0000000089c00000|100%| E|CS|TAMS 0x0000000089b00000, 0x0000000089b00000| Complete 

Card table byte_map: [0x0000020f6c5e0000,0x0000020f6c9e0000] _byte_map_base: 0x0000020f6c1d2000

Marking Bits (Prev, Next): (CMBitMap*) 0x0000020f61872570, (CMBitMap*) 0x0000020f61872530
 Prev Bits: [0x0000020f6ed70000, 0x0000020f70d00000)
 Next Bits: [0x0000020f6cde0000, 0x0000020f6ed70000)

Polling page: 0x0000020f60fe0000

Metaspace:

Usage:
  Non-class:     58.92 MB used.
      Class:      9.97 MB used.
       Both:     68.89 MB used.

Virtual space:
  Non-class space:       64.00 MB reserved,      59.25 MB ( 93%) committed,  1 nodes.
      Class space:        1.00 GB reserved,      10.25 MB (  1%) committed,  1 nodes.
             Both:        1.06 GB reserved,      69.50 MB (  6%) committed. 

Chunk freelists:
   Non-Class:  3.81 MB
       Class:  5.57 MB
        Both:  9.38 MB

MaxMetaspaceSize: unlimited
CompressedClassSpaceSize: 1.00 GB
Initial GC threshold: 21.00 MB
Current GC threshold: 114.94 MB
CDS: on
MetaspaceReclaimPolicy: balanced
 - commit_granule_bytes: 65536.
 - commit_granule_words: 8192.
 - virtual_space_node_default_size: 8388608.
 - enlarge_chunks_in_place: 1.
 - new_chunks_are_fully_committed: 0.
 - uncommit_free_chunks: 1.
 - use_allocation_guard: 0.
 - handle_deallocations: 1.


Internal statistics:

num_allocs_failed_limit: 9.
num_arena_births: 1198.
num_arena_deaths: 260.
num_vsnodes_births: 2.
num_vsnodes_deaths: 0.
num_space_committed: 1112.
num_space_uncommitted: 0.
num_chunks_returned_to_freelist: 293.
num_chunks_taken_from_freelist: 4039.
num_chunk_merges: 106.
num_chunk_splits: 2752.
num_chunks_enlarged: 2036.
num_inconsistent_stats: 0.

CodeCache: size=49152Kb used=17009Kb max_used=17009Kb free=32142Kb
 bounds [0x0000020f690d0000, 0x0000020f6a170000, 0x0000020f6c0d0000]
 total_blobs=10651 nmethods=9984 adapters=592
 compilation: enabled
              stopped_count=0, restarted_count=0
 full_count=0

Compilation events (20 events):
Event: 150.804 Thread 0x0000020f73798a90 9975       1       org.apache.tomcat.util.threads.ThreadPoolExecutor::runStateAtLeast (11 bytes)
Event: 150.804 Thread 0x0000020f73798a90 nmethod 9975 0x0000020f6a16a410 code [0x0000020f6a16a5a0, 0x0000020f6a16a658]
Event: 150.804 Thread 0x0000020f73798a90 9976       1       org.springframework.beans.factory.support.DefaultListableBeanFactory::clearByTypeCache (19 bytes)
Event: 150.804 Thread 0x0000020f73798a90 nmethod 9976 0x0000020f6a16a710 code [0x0000020f6a16a8c0, 0x0000020f6a16a9d8]
Event: 150.807 Thread 0x0000020f73798a90 9977       1       java.util.concurrent.ThreadPoolExecutor::isRunning (10 bytes)
Event: 150.807 Thread 0x0000020f73798a90 nmethod 9977 0x0000020f6a16aa90 code [0x0000020f6a16ac20, 0x0000020f6a16acd8]
Event: 150.807 Thread 0x0000020f73798a90 9978       1       java.util.concurrent.locks.AbstractQueuedSynchronizer::casTail (13 bytes)
Event: 150.807 Thread 0x0000020f73798a90 nmethod 9978 0x0000020f6a16ad90 code [0x0000020f6a16af20, 0x0000020f6a16b058]
Event: 150.807 Thread 0x0000020f73798a90 9979       1       java.util.concurrent.ThreadPoolExecutor$Worker::lock (6 bytes)
Event: 150.808 Thread 0x0000020f73798a90 nmethod 9979 0x0000020f6a16b110 code [0x0000020f6a16b2a0, 0x0000020f6a16b468]
Event: 150.808 Thread 0x0000020f73798a90 9980       1       java.util.concurrent.ThreadPoolExecutor::beforeExecute (1 bytes)
Event: 150.808 Thread 0x0000020f73798a90 nmethod 9980 0x0000020f6a16b510 code [0x0000020f6a16b6a0, 0x0000020f6a16b758]
Event: 150.808 Thread 0x0000020f73798a90 9981       1       java.util.concurrent.ThreadPoolExecutor::afterExecute (1 bytes)
Event: 150.808 Thread 0x0000020f73798a90 nmethod 9981 0x0000020f6a16b810 code [0x0000020f6a16b9a0, 0x0000020f6a16ba58]
Event: 150.809 Thread 0x0000020f73798a90 9982       1       java.lang.Math::floorDiv (7 bytes)
Event: 150.809 Thread 0x0000020f73798a90 nmethod 9982 0x0000020f6a16bb10 code [0x0000020f6a16bca0, 0x0000020f6a16bdb8]
Event: 150.811 Thread 0x0000020f73798a90 9983       1       org.apache.catalina.ContainerEvent::getType (5 bytes)
Event: 150.811 Thread 0x0000020f73798a90 nmethod 9983 0x0000020f6a16be90 code [0x0000020f6a16c020, 0x0000020f6a16c0f8]
Event: 150.812 Thread 0x0000020f73798a90 9984       1       java.lang.Thread::isAlive (15 bytes)
Event: 150.813 Thread 0x0000020f73798a90 nmethod 9984 0x0000020f6a16c190 code [0x0000020f6a16c320, 0x0000020f6a16c418]

GC Heap History (20 events):
Event: 137.684 GC heap before
{Heap before GC invocations=25 (full 1):
 garbage-first heap   total 83968K, used 64031K [0x0000000081c00000, 0x0000000100000000)
  region size 1024K, 34 young (34816K), 0 survivors (0K)
 Metaspace       used 69457K, committed 70208K, reserved 1114112K
  class space    used 10132K, committed 10496K, reserved 1048576K
}
Event: 137.688 GC heap after
{Heap after GC invocations=26 (full 1):
 garbage-first heap   total 83968K, used 32199K [0x0000000081c00000, 0x0000000100000000)
  region size 1024K, 3 young (3072K), 3 survivors (3072K)
 Metaspace       used 69457K, committed 70208K, reserved 1114112K
  class space    used 10132K, committed 10496K, reserved 1048576K
}
Event: 138.187 GC heap before
{Heap before GC invocations=26 (full 1):
 garbage-first heap   total 83968K, used 64967K [0x0000000081c00000, 0x0000000100000000)
  region size 1024K, 35 young (35840K), 3 survivors (3072K)
 Metaspace       used 69618K, committed 70336K, reserved 1114112K
  class space    used 10156K, committed 10496K, reserved 1048576K
}
Event: 138.197 GC heap after
{Heap after GC invocations=27 (full 1):
 garbage-first heap   total 83968K, used 34796K [0x0000000081c00000, 0x0000000100000000)
  region size 1024K, 3 young (3072K), 3 survivors (3072K)
 Metaspace       used 69618K, committed 70336K, reserved 1114112K
  class space    used 10156K, committed 10496K, reserved 1048576K
}
Event: 138.527 GC heap before
{Heap before GC invocations=27 (full 1):
 garbage-first heap   total 83968K, used 64492K [0x0000000081c00000, 0x0000000100000000)
  region size 1024K, 32 young (32768K), 3 survivors (3072K)
 Metaspace       used 69842K, committed 70592K, reserved 1114112K
  class space    used 10171K, committed 10496K, reserved 1048576K
}
Event: 138.534 GC heap after
{Heap after GC invocations=28 (full 1):
 garbage-first heap   total 83968K, used 37127K [0x0000000081c00000, 0x0000000100000000)
  region size 1024K, 3 young (3072K), 3 survivors (3072K)
 Metaspace       used 69842K, committed 70592K, reserved 1114112K
  class space    used 10171K, committed 10496K, reserved 1048576K
}
Event: 143.250 GC heap before
{Heap before GC invocations=28 (full 1):
 garbage-first heap   total 83968K, used 39175K [0x0000000081c00000, 0x0000000100000000)
  region size 1024K, 6 young (6144K), 3 survivors (3072K)
 Metaspace       used 69846K, committed 70592K, reserved 1114112K
  class space    used 10173K, committed 10496K, reserved 1048576K
}
Event: 143.303 GC heap after
{Heap after GC invocations=29 (full 2):
 garbage-first heap   total 83968K, used 26892K [0x0000000081c00000, 0x0000000100000000)
  region size 1024K, 0 young (0K), 0 survivors (0K)
 Metaspace       used 69574K, committed 70592K, reserved 1114112K
  class space    used 10108K, committed 10496K, reserved 1048576K
}
Event: 143.746 GC heap before
{Heap before GC invocations=29 (full 2):
 garbage-first heap   total 83968K, used 61708K [0x0000000081c00000, 0x0000000100000000)
  region size 1024K, 35 young (35840K), 0 survivors (0K)
 Metaspace       used 69687K, committed 70592K, reserved 1114112K
  class space    used 10122K, committed 10496K, reserved 1048576K
}
Event: 143.749 GC heap after
{Heap after GC invocations=30 (full 2):
 garbage-first heap   total 83968K, used 30222K [0x0000000081c00000, 0x0000000100000000)
  region size 1024K, 4 young (4096K), 4 survivors (4096K)
 Metaspace       used 69687K, committed 70592K, reserved 1114112K
  class space    used 10122K, committed 10496K, reserved 1048576K
}
Event: 144.110 GC heap before
{Heap before GC invocations=30 (full 2):
 garbage-first heap   total 83968K, used 64014K [0x0000000081c00000, 0x0000000100000000)
  region size 1024K, 37 young (37888K), 4 survivors (4096K)
 Metaspace       used 69879K, committed 70592K, reserved 1114112K
  class space    used 10142K, committed 10496K, reserved 1048576K
}
Event: 144.114 GC heap after
{Heap after GC invocations=31 (full 2):
 garbage-first heap   total 83968K, used 32367K [0x0000000081c00000, 0x0000000100000000)
  region size 1024K, 3 young (3072K), 3 survivors (3072K)
 Metaspace       used 69879K, committed 70592K, reserved 1114112K
  class space    used 10142K, committed 10496K, reserved 1048576K
}
Event: 147.078 GC heap before
{Heap before GC invocations=31 (full 2):
 garbage-first heap   total 83968K, used 61039K [0x0000000081c00000, 0x0000000100000000)
  region size 1024K, 33 young (33792K), 3 survivors (3072K)
 Metaspace       used 70013K, committed 70720K, reserved 1114112K
  class space    used 10153K, committed 10496K, reserved 1048576K
}
Event: 147.126 GC heap after
{Heap after GC invocations=32 (full 3):
 garbage-first heap   total 83968K, used 27498K [0x0000000081c00000, 0x0000000100000000)
  region size 1024K, 0 young (0K), 0 survivors (0K)
 Metaspace       used 70010K, committed 70720K, reserved 1114112K
  class space    used 10152K, committed 10496K, reserved 1048576K
}
Event: 147.693 GC heap before
{Heap before GC invocations=32 (full 3):
 garbage-first heap   total 83968K, used 62314K [0x0000000081c00000, 0x0000000100000000)
  region size 1024K, 34 young (34816K), 0 survivors (0K)
 Metaspace       used 70157K, committed 70848K, reserved 1114112K
  class space    used 10171K, committed 10496K, reserved 1048576K
}
Event: 147.696 GC heap after
{Heap after GC invocations=33 (full 3):
 garbage-first heap   total 83968K, used 30532K [0x0000000081c00000, 0x0000000100000000)
  region size 1024K, 3 young (3072K), 3 survivors (3072K)
 Metaspace       used 70157K, committed 70848K, reserved 1114112K
  class space    used 10171K, committed 10496K, reserved 1048576K
}
Event: 148.458 GC heap before
{Heap before GC invocations=33 (full 3):
 garbage-first heap   total 83968K, used 63300K [0x0000000081c00000, 0x0000000100000000)
  region size 1024K, 35 young (35840K), 3 survivors (3072K)
 Metaspace       used 70267K, committed 70912K, reserved 1114112K
  class space    used 10185K, committed 10496K, reserved 1048576K
}
Event: 148.462 GC heap after
{Heap after GC invocations=34 (full 3):
 garbage-first heap   total 83968K, used 33178K [0x0000000081c00000, 0x0000000100000000)
  region size 1024K, 3 young (3072K), 3 survivors (3072K)
 Metaspace       used 70267K, committed 70912K, reserved 1114112K
  class space    used 10185K, committed 10496K, reserved 1048576K
}
Event: 149.170 GC heap before
{Heap before GC invocations=34 (full 3):
 garbage-first heap   total 83968K, used 63898K [0x0000000081c00000, 0x0000000100000000)
  region size 1024K, 33 young (33792K), 3 survivors (3072K)
 Metaspace       used 70539K, committed 71168K, reserved 1114112K
  class space    used 10209K, committed 10496K, reserved 1048576K
}
Event: 149.174 GC heap after
{Heap after GC invocations=35 (full 3):
 garbage-first heap   total 83968K, used 35162K [0x0000000081c00000, 0x0000000100000000)
  region size 1024K, 3 young (3072K), 3 survivors (3072K)
 Metaspace       used 70539K, committed 71168K, reserved 1114112K
  class space    used 10209K, committed 10496K, reserved 1048576K
}

Deoptimization events (8 events):
Event: 4.440 Thread 0x0000020f7921c480 DEOPT PACKING pc=0x0000020f69566197 sp=0x00000070d0dfed50
Event: 4.440 Thread 0x0000020f7921c480 DEOPT UNPACKING pc=0x0000020f69122b43 sp=0x00000070d0dfe1a8 mode 3
Event: 4.440 Thread 0x0000020f7921cd70 DEOPT PACKING pc=0x0000020f6956f201 sp=0x00000070d0eff040
Event: 4.440 Thread 0x0000020f7921cd70 DEOPT UNPACKING pc=0x0000020f69122b43 sp=0x00000070d0efe4d8 mode 3
Event: 7.932 Thread 0x0000020f783c3020 DEOPT PACKING pc=0x0000020f6957cca4 sp=0x00000070d04fbe70
Event: 7.932 Thread 0x0000020f783c3020 DEOPT UNPACKING pc=0x0000020f69122b43 sp=0x00000070d04fb3c8 mode 0
Event: 8.123 Thread 0x0000020f783c3020 DEOPT PACKING pc=0x0000020f696482a2 sp=0x00000070d04fd720
Event: 8.123 Thread 0x0000020f783c3020 DEOPT UNPACKING pc=0x0000020f69122b43 sp=0x00000070d04fcc28 mode 3

Classes unloaded (20 events):
Event: 143.265 Thread 0x0000020f737754c0 Unloading class 0x0000020f01114000 'java/lang/invoke/LambdaForm$MH+0x0000020f01114000'
Event: 143.265 Thread 0x0000020f737754c0 Unloading class 0x0000020f01039400 'java/lang/invoke/LambdaForm$MH+0x0000020f01039400'
Event: 143.265 Thread 0x0000020f737754c0 Unloading class 0x0000020f01039000 'java/lang/invoke/LambdaForm$MH+0x0000020f01039000'
Event: 143.265 Thread 0x0000020f737754c0 Unloading class 0x0000020f01038c00 'java/lang/invoke/LambdaForm$MH+0x0000020f01038c00'
Event: 143.265 Thread 0x0000020f737754c0 Unloading class 0x0000020f01038800 'java/lang/invoke/LambdaForm$MH+0x0000020f01038800'
Event: 143.265 Thread 0x0000020f737754c0 Unloading class 0x0000020f01038400 'java/lang/invoke/LambdaForm$MH+0x0000020f01038400'
Event: 143.265 Thread 0x0000020f737754c0 Unloading class 0x0000020f01038000 'java/lang/invoke/LambdaForm$MH+0x0000020f01038000'
Event: 143.265 Thread 0x0000020f737754c0 Unloading class 0x0000020f01018800 'java/lang/invoke/LambdaForm$MH+0x0000020f01018800'
Event: 143.265 Thread 0x0000020f737754c0 Unloading class 0x0000020f01018400 'java/lang/invoke/LambdaForm$MH+0x0000020f01018400'
Event: 143.265 Thread 0x0000020f737754c0 Unloading class 0x0000020f01017c00 'java/lang/invoke/LambdaForm$MH+0x0000020f01017c00'
Event: 143.265 Thread 0x0000020f737754c0 Unloading class 0x0000020f01017800 'java/lang/invoke/LambdaForm$MH+0x0000020f01017800'
Event: 143.265 Thread 0x0000020f737754c0 Unloading class 0x0000020f01016800 'java/lang/invoke/LambdaForm$MH+0x0000020f01016800'
Event: 143.265 Thread 0x0000020f737754c0 Unloading class 0x0000020f01016000 'java/lang/invoke/LambdaForm$MH+0x0000020f01016000'
Event: 143.265 Thread 0x0000020f737754c0 Unloading class 0x0000020f01015c00 'java/lang/invoke/LambdaForm$MH+0x0000020f01015c00'
Event: 143.265 Thread 0x0000020f737754c0 Unloading class 0x0000020f01015800 'java/lang/invoke/LambdaForm$MH+0x0000020f01015800'
Event: 143.265 Thread 0x0000020f737754c0 Unloading class 0x0000020f01015400 'java/lang/invoke/LambdaForm$MH+0x0000020f01015400'
Event: 143.265 Thread 0x0000020f737754c0 Unloading class 0x0000020f01015000 'java/lang/invoke/LambdaForm$MH+0x0000020f01015000'
Event: 143.265 Thread 0x0000020f737754c0 Unloading class 0x0000020f01014800 'java/lang/invoke/LambdaForm$MH+0x0000020f01014800'
Event: 143.265 Thread 0x0000020f737754c0 Unloading class 0x0000020f01014000 'java/lang/invoke/LambdaForm$MH+0x0000020f01014000'
Event: 147.095 Thread 0x0000020f737754c0 Unloading class 0x0000020f01a6d800 'org/apache/catalina/loader/JdbcLeakPrevention'

Classes redefined (0 events):
No events

Internal exceptions (20 events):
Event: 147.145 Thread 0x0000020f7a298820 Exception <a 'sun/nio/fs/WindowsException'{0x0000000089b8c690}> (0x0000000089b8c690) 
thrown [s\open\src\hotspot\share\prims\jni.cpp, line 516]
Event: 147.192 Thread 0x0000020f7a298820 Exception <a 'sun/nio/fs/WindowsException'{0x0000000086a50500}> (0x0000000086a50500) 
thrown [s\open\src\hotspot\share\prims\jni.cpp, line 516]
Event: 147.578 Thread 0x0000020f7a298820 Exception <a 'sun/nio/fs/WindowsException'{0x00000000851fb710}> (0x00000000851fb710) 
thrown [s\open\src\hotspot\share\prims\jni.cpp, line 516]
Event: 147.593 Thread 0x0000020f7a298820 Exception <a 'sun/nio/fs/WindowsException'{0x0000000085097bb8}> (0x0000000085097bb8) 
thrown [s\open\src\hotspot\share\prims\jni.cpp, line 516]
Event: 147.680 Thread 0x0000020f7a298820 Exception <a 'java/lang/NoClassDefFoundError'{0x0000000084de3678}: org/flywaydb/core/Flyway> (0x0000000084de3678) 
thrown [s\open\src\hotspot\share\oops\constantPool.cpp, line 837]
Event: 147.680 Thread 0x0000020f7a298820 Exception <a 'java/lang/NoClassDefFoundError'{0x0000000084de3cc8}: liquibase/integration/spring/SpringLiquibase> (0x0000000084de3cc8) 
thrown [s\open\src\hotspot\share\oops\constantPool.cpp, line 837]
Event: 147.685 Thread 0x0000020f7a298820 Exception <a 'java/lang/NoClassDefFoundError'{0x0000000084c615c0}: org/jooq/DSLContext> (0x0000000084c615c0) 
thrown [s\open\src\hotspot\share\oops\constantPool.cpp, line 837]
Event: 147.686 Thread 0x0000020f7a298820 Exception <a 'java/lang/NoClassDefFoundError'{0x0000000084c6fe50}: org/springframework/batch/core/repository/JobRepository> (0x0000000084c6fe50) 
thrown [s\open\src\hotspot\share\oops\constantPool.cpp, line 837]
Event: 147.686 Thread 0x0000020f7a298820 Exception <a 'java/lang/NoClassDefFoundError'{0x0000000084c70498}: org/quartz/Scheduler> (0x0000000084c70498) 
thrown [s\open\src\hotspot\share\oops\constantPool.cpp, line 837]
Event: 147.686 Thread 0x0000020f7a298820 Exception <a 'java/lang/NoClassDefFoundError'{0x0000000084c70b08}: org/springframework/session/jdbc/JdbcIndexedSessionRepository> (0x0000000084c70b08) 
thrown [s\open\src\hotspot\share\oops\constantPool.cpp, line 837]
Event: 147.754 Thread 0x0000020f7a298820 Exception <a 'sun/nio/fs/WindowsException'{0x00000000867a7b28}> (0x00000000867a7b28) 
thrown [s\open\src\hotspot\share\prims\jni.cpp, line 516]
Event: 147.754 Thread 0x0000020f7a298820 Exception <a 'sun/nio/fs/WindowsException'{0x00000000867a8180}> (0x00000000867a8180) 
thrown [s\open\src\hotspot\share\prims\jni.cpp, line 516]
Event: 147.754 Thread 0x0000020f7a298820 Exception <a 'sun/nio/fs/WindowsException'{0x00000000867a8858}> (0x00000000867a8858) 
thrown [s\open\src\hotspot\share\prims\jni.cpp, line 516]
Event: 147.843 Thread 0x0000020f7a298820 Exception <a 'java/io/FileNotFoundException'{0x00000000867de098}> (0x00000000867de098) 
thrown [s\open\src\hotspot\share\prims\jni.cpp, line 516]
Event: 147.893 Thread 0x0000020f7a298820 Exception <a 'java/io/FileNotFoundException'{0x00000000865bd1d8}> (0x00000000865bd1d8) 
thrown [s\open\src\hotspot\share\prims\jni.cpp, line 516]
Event: 147.970 Thread 0x0000020f7a298820 Exception <a 'sun/nio/fs/WindowsException'{0x00000000860ead70}> (0x00000000860ead70) 
thrown [s\open\src\hotspot\share\prims\jni.cpp, line 516]
Event: 148.936 Thread 0x0000020f7a298820 Exception <a 'sun/nio/fs/WindowsException'{0x000000008599c700}> (0x000000008599c700) 
thrown [s\open\src\hotspot\share\prims\jni.cpp, line 516]
Event: 149.157 Thread 0x0000020f7a298820 Exception <a 'java/net/BindException'{0x00000000851dd4f8}: Address already in use: bind> (0x00000000851dd4f8) 
thrown [s\open\src\hotspot\share\prims\jni.cpp, line 535]
Event: 149.157 Thread 0x0000020f7a298820 Exception <a 'java/net/SocketException'{0x00000000851ddad8}: Socket is not connected: shutdown> (0x00000000851ddad8) 
thrown [s\open\src\hotspot\share\prims\jni.cpp, line 535]
Event: 150.813 Thread 0x0000020f7a298d30 Exception <a 'java/lang/InterruptedException'{0x0000000086b37d20}: sleep interrupted> (0x0000000086b37d20) 
thrown [s\open\src\hotspot\share\prims\jvm.cpp, line 3064]

VM Operations (20 events):
Event: 139.534 Executing VM operation: Cleanup done
Event: 143.249 Executing VM operation: G1CollectFull
Event: 143.304 Executing VM operation: G1CollectFull done
Event: 143.746 Executing VM operation: G1CollectForAllocation
Event: 143.749 Executing VM operation: G1CollectForAllocation done
Event: 144.110 Executing VM operation: G1CollectForAllocation
Event: 144.114 Executing VM operation: G1CollectForAllocation done
Event: 145.119 Executing VM operation: Cleanup
Event: 145.119 Executing VM operation: Cleanup done
Event: 147.078 Executing VM operation: G1CollectFull
Event: 147.127 Executing VM operation: G1CollectFull done
Event: 147.693 Executing VM operation: G1CollectForAllocation
Event: 147.696 Executing VM operation: G1CollectForAllocation done
Event: 148.457 Executing VM operation: G1CollectForAllocation
Event: 148.462 Executing VM operation: G1CollectForAllocation done
Event: 149.170 Executing VM operation: G1CollectForAllocation
Event: 149.174 Executing VM operation: G1CollectForAllocation done
Event: 150.176 Executing VM operation: Cleanup
Event: 150.176 Executing VM operation: Cleanup done
Event: 150.813 Executing VM operation: G1CollectFull

Events (20 events):
Event: 150.589 Thread 0x0000020f7a2964b0 Thread exited: 0x0000020f7a2964b0
Event: 150.803 Thread 0x0000020f791e3590 Thread exited: 0x0000020f791e3590
Event: 150.803 Thread 0x0000020f791e6830 Thread exited: 0x0000020f791e6830
Event: 150.803 Thread 0x0000020f7a296ed0 Thread exited: 0x0000020f7a296ed0
Event: 150.803 Thread 0x0000020f7a29a170 Thread exited: 0x0000020f7a29a170
Event: 150.804 Thread 0x0000020f7a2969c0 Thread exited: 0x0000020f7a2969c0
Event: 150.804 Thread 0x0000020f7a29b0a0 Thread exited: 0x0000020f7a29b0a0
Event: 150.804 Thread 0x0000020f7a29ab90 Thread exited: 0x0000020f7a29ab90
Event: 150.804 Thread 0x0000020f7a29c4e0 Thread exited: 0x0000020f7a29c4e0
Event: 150.804 Thread 0x0000020f7a29b5b0 Thread exited: 0x0000020f7a29b5b0
Event: 150.804 Thread 0x0000020f7a29bac0 Thread exited: 0x0000020f7a29bac0
Event: 150.804 Thread 0x0000020f7a295580 Thread exited: 0x0000020f7a295580
Event: 150.804 Thread 0x0000020f791e6320 Thread exited: 0x0000020f791e6320
Event: 150.806 Thread 0x0000020f791e6320 Thread added: 0x0000020f791e6320
Event: 150.807 Thread 0x0000020f7a299c60 Thread exited: 0x0000020f7a299c60
Event: 150.807 Thread 0x0000020f7a299240 Thread exited: 0x0000020f7a299240
Event: 150.809 Thread 0x0000020f791e6320 Thread exited: 0x0000020f791e6320
Event: 150.813 Thread 0x0000020f7a29bfd0 Thread exited: 0x0000020f7a29bfd0
Event: 150.813 Thread 0x0000020f7a295fa0 Thread exited: 0x0000020f7a295fa0
Event: 150.813 Thread 0x0000020f7a298d30 Thread exited: 0x0000020f7a298d30


Dynamic libraries:
0x00007ff60d980000 - 0x00007ff60d990000 	C:\Program Files\java\jdk-17\bin\java.exe
0x00007ffa84670000 - 0x00007ffa84868000 	C:\Windows\SYSTEM32\ntdll.dll
0x00007ffa83f20000 - 0x00007ffa83fe1000 	C:\Windows\System32\KERNEL32.DLL
0x00007ffa81e40000 - 0x00007ffa8213d000 	C:\Windows\System32\KERNELBASE.dll
0x00007ffa82260000 - 0x00007ffa82360000 	C:\Windows\System32\ucrtbase.dll
0x00007ffa531e0000 - 0x00007ffa531fb000 	C:\Program Files\java\jdk-17\bin\VCRUNTIME140.dll
0x00007ffa557b0000 - 0x00007ffa557c9000 	C:\Program Files\java\jdk-17\bin\jli.dll
0x00007ffa83960000 - 0x00007ffa83a10000 	C:\Windows\System32\ADVAPI32.dll
0x00007ffa83a10000 - 0x00007ffa83aae000 	C:\Windows\System32\msvcrt.dll
0x00007ffa82e10000 - 0x00007ffa82eb0000 	C:\Windows\System32\sechost.dll
0x00007ffa84420000 - 0x00007ffa84543000 	C:\Windows\System32\RPCRT4.dll
0x00007ffa82510000 - 0x00007ffa82537000 	C:\Windows\System32\bcrypt.dll
0x00007ffa835a0000 - 0x00007ffa8373d000 	C:\Windows\System32\USER32.dll
0x00007ffa76af0000 - 0x00007ffa76d8a000 	C:\Windows\WinSxS\amd64_microsoft.windows.common-controls_6595b64144ccf1df_6.0.19041.4355_none_60b8b9eb71f62e16\COMCTL32.dll
0x00007ffa81d20000 - 0x00007ffa81d42000 	C:\Windows\System32\win32u.dll
0x00007ffa84550000 - 0x00007ffa8457b000 	C:\Windows\System32\GDI32.dll
0x00007ffa823f0000 - 0x00007ffa82507000 	C:\Windows\System32\gdi32full.dll
0x00007ffa81d50000 - 0x00007ffa81ded000 	C:\Windows\System32\msvcp_win.dll
0x00007ffa7ad90000 - 0x00007ffa7ad9a000 	C:\Windows\SYSTEM32\VERSION.dll
0x00007ffa833a0000 - 0x00007ffa833cf000 	C:\Windows\System32\IMM32.DLL
0x00007ffa6b100000 - 0x00007ffa6b10c000 	C:\Program Files\java\jdk-17\bin\vcruntime140_1.dll
0x00007ffa4d9e0000 - 0x00007ffa4da6e000 	C:\Program Files\java\jdk-17\bin\msvcp140.dll
0x00007ffa30350000 - 0x00007ffa30f30000 	C:\Program Files\java\jdk-17\bin\server\jvm.dll
0x00007ffa83950000 - 0x00007ffa83958000 	C:\Windows\System32\PSAPI.DLL
0x00007ffa768a0000 - 0x00007ffa768c7000 	C:\Windows\SYSTEM32\WINMM.dll
0x00007ffa6ce60000 - 0x00007ffa6ce69000 	C:\Windows\SYSTEM32\WSOCK32.dll
0x00007ffa83ff0000 - 0x00007ffa8405b000 	C:\Windows\System32\WS2_32.dll
0x00007ffa7fb80000 - 0x00007ffa7fb92000 	C:\Windows\SYSTEM32\kernel.appcore.dll
0x00007ffa58430000 - 0x00007ffa5843a000 	C:\Program Files\java\jdk-17\bin\jimage.dll
0x00007ffa6ce90000 - 0x00007ffa6d074000 	C:\Windows\SYSTEM32\DBGHELP.DLL
0x00007ffa6c810000 - 0x00007ffa6c844000 	C:\Windows\SYSTEM32\dbgcore.DLL
0x00007ffa82360000 - 0x00007ffa823e2000 	C:\Windows\System32\bcryptPrimitives.dll
0x00007ffa531b0000 - 0x00007ffa531d5000 	C:\Program Files\java\jdk-17\bin\java.dll
0x00007ffa48e70000 - 0x00007ffa48f47000 	C:\Program Files\java\jdk-17\bin\jsvml.dll
0x00007ffa826a0000 - 0x00007ffa82e0f000 	C:\Windows\System32\SHELL32.dll
0x00007ffa7fd80000 - 0x00007ffa8051f000 	C:\Windows\SYSTEM32\windows.storage.dll
0x00007ffa84060000 - 0x00007ffa843b3000 	C:\Windows\System32\combase.dll
0x00007ffa81590000 - 0x00007ffa815be000 	C:\Windows\SYSTEM32\Wldp.dll
0x00007ffa833e0000 - 0x00007ffa834ad000 	C:\Windows\System32\OLEAUT32.dll
0x00007ffa84580000 - 0x00007ffa8462d000 	C:\Windows\System32\SHCORE.dll
0x00007ffa843c0000 - 0x00007ffa84415000 	C:\Windows\System32\shlwapi.dll
0x00007ffa81c50000 - 0x00007ffa81c74000 	C:\Windows\SYSTEM32\profapi.dll
0x00007ffa525b0000 - 0x00007ffa525c9000 	C:\Program Files\java\jdk-17\bin\net.dll
0x00007ffa7c480000 - 0x00007ffa7c58d000 	C:\Windows\SYSTEM32\WINHTTP.dll
0x00007ffa81370000 - 0x00007ffa813da000 	C:\Windows\system32\mswsock.dll
0x00007ffa52590000 - 0x00007ffa525a6000 	C:\Program Files\java\jdk-17\bin\nio.dll
0x00007ffa504c0000 - 0x00007ffa504d8000 	C:\Program Files\java\jdk-17\bin\zip.dll
0x00007ffa557a0000 - 0x00007ffa557aa000 	C:\Program Files\java\jdk-17\bin\management.dll
0x00007ffa55710000 - 0x00007ffa5571b000 	C:\Program Files\java\jdk-17\bin\management_ext.dll
0x00007ffa55670000 - 0x00007ffa5567e000 	C:\Program Files\java\jdk-17\bin\sunmscapi.dll
0x00007ffa82540000 - 0x00007ffa8269e000 	C:\Windows\System32\CRYPT32.dll
0x00007ffa81630000 - 0x00007ffa81659000 	C:\Windows\SYSTEM32\ncrypt.dll
0x00007ffa815d0000 - 0x00007ffa8160b000 	C:\Windows\SYSTEM32\NTASN1.dll
0x00007ffa81610000 - 0x00007ffa81628000 	C:\Windows\SYSTEM32\CRYPTSP.dll
0x00007ffa80cb0000 - 0x00007ffa80ce4000 	C:\Windows\system32\rsaenh.dll
0x00007ffa81bc0000 - 0x00007ffa81bee000 	C:\Windows\SYSTEM32\USERENV.dll
0x00007ffa81500000 - 0x00007ffa8150c000 	C:\Windows\SYSTEM32\CRYPTBASE.dll
0x00007ffa81070000 - 0x00007ffa810ab000 	C:\Windows\SYSTEM32\IPHLPAPI.DLL
0x00007ffa82eb0000 - 0x00007ffa82eb8000 	C:\Windows\System32\NSI.dll
0x00007ffa7bb30000 - 0x00007ffa7bb47000 	C:\Windows\SYSTEM32\dhcpcsvc6.DLL
0x00007ffa7bb10000 - 0x00007ffa7bb2d000 	C:\Windows\SYSTEM32\dhcpcsvc.DLL
0x00007ffa810b0000 - 0x00007ffa8117a000 	C:\Windows\SYSTEM32\DNSAPI.dll
0x00007ffa571b0000 - 0x00007ffa571c0000 	C:\Program Files\java\jdk-17\bin\verify.dll
0x00007ffa772e0000 - 0x00007ffa772ea000 	C:\Windows\System32\rasadhlp.dll
0x00007ffa7c0e0000 - 0x00007ffa7c160000 	C:\Windows\System32\fwpuclnt.dll
0x00007ffa550f0000 - 0x00007ffa550f7000 	C:\Windows\system32\wshunix.dll

dbghelp: loaded successfully - version: 4.0.5 - missing functions: none
symbol engine: initialized successfully - sym options: 0x614 - pdb path: .;C:\Program Files\java\jdk-17\bin;C:\Windows\SYSTEM32;C:\Windows\WinSxS\amd64_microsoft.windows.common-controls_6595b64144ccf1df_6.0.19041.4355_none_60b8b9eb71f62e16;C:\Program Files\java\jdk-17\bin\server

VM Arguments:
jvm_args: -XX:TieredStopAtLevel=1 
java_command: com.insurance.NewInsuranceApplication
java_class_path (initial): C:\Users\Admin\Desktop\InsuranceNewOne\NewInsuranceApplication\target\classes;C:\Users\Admin\.m2\repository\org\springframework\spring-aop\6.1.12\spring-aop-6.1.12.jar;C:\Users\Admin\.m2\repository\org\aspectj\aspectjweaver\1.9.22.1\aspectjweaver-1.9.22.1.jar;C:\Users\Admin\.m2\repository\com\zaxxer\HikariCP\5.1.0\HikariCP-5.1.0.jar;C:\Users\Admin\.m2\repository\org\springframework\spring-jdbc\6.1.12\spring-jdbc-6.1.12.jar;C:\Users\Admin\.m2\repository\org\hibernate\orm\hibernate-core\6.5.2.Final\hibernate-core-6.5.2.Final.jar;C:\Users\Admin\.m2\repository\jakarta\persistence\jakarta.persistence-api\3.1.0\jakarta.persistence-api-3.1.0.jar;C:\Users\Admin\.m2\repository\jakarta\transaction\jakarta.transaction-api\2.0.1\jakarta.transaction-api-2.0.1.jar;C:\Users\Admin\.m2\repository\org\jboss\logging\jboss-logging\3.5.3.Final\jboss-logging-3.5.3.Final.jar;C:\Users\Admin\.m2\repository\org\hibernate\common\hibernate-commons-annotations\6.0.6.Final\hibernate-commons-annotations-6.0.6.Final.jar;C:\Users\Admin\.m2\repository\io\smallrye\jandex\3.1.2\jandex-3.1.2.jar;C:\Users\Admin\.m2\repository\com\fasterxml\classmate\1.7.0\classmate-1.7.0.jar;C:\Users\Admin\.m2\repository\net\bytebuddy\byte-buddy\1.14.19\byte-buddy-1.14.19.jar;C:\Users\Admin\.m2\repository\org\glassfish\jaxb\jaxb-runtime\4.0.5\jaxb-runtime-4.0.5.jar;C:\Users\Admin\.m2\repository\org\glassfish\jaxb\jaxb-core\4.0.5\jaxb-core-4.0.5.jar;C:\Users\Admin\.m2\repository\org\eclipse\angus\angus-activation\2.0.2\angus-activation-2.0.2.jar;C:\Users\Admin\.m2\repository\org\glassfish\jaxb\txw2\4.0.5\txw2-4.0.5.jar;C:\Users\Admin\.m2\repository\com\sun\istack\istack-commons-runtime\4.1.2\istack-commons-runtime-4.1.2.jar;C:\Users\Admin\.m2\repository\jakarta\inject\jakarta.inject-api\2.0.1\jakarta.inject-api-2.0.1.jar;C:\Users\Admin\.m2\repository\org\antlr\antlr4-runtime\4.13.0\antlr4-runtime-4.13.0.jar;C:\Users\Admin\.m2\repository\org\springframework\data\spring-data-jpa\3.3.3\spring-da
Launcher Type: SUN_STANDARD

[Global flags]
     intx CICompilerCount                          = 4                                         {product} {ergonomic}
     uint ConcGCThreads                            = 2                                         {product} {ergonomic}
     uint G1ConcRefinementThreads                  = 8                                         {product} {ergonomic}
   size_t G1HeapRegionSize                         = 1048576                                   {product} {ergonomic}
    uintx GCDrainStackTargetSize                   = 64                                        {product} {ergonomic}
   size_t InitialHeapSize                          = 134217728                                 {product} {ergonomic}
   size_t MarkStackSize                            = 4194304                                   {product} {ergonomic}
   size_t MaxHeapSize                              = 2118123520                                {product} {ergonomic}
   size_t MaxNewSize                               = 1270874112                                {product} {ergonomic}
   size_t MinHeapDeltaBytes                        = 1048576                                   {product} {ergonomic}
   size_t MinHeapSize                              = 8388608                                   {product} {ergonomic}
    uintx NonProfiledCodeHeapSize                  = 0                                      {pd product} {ergonomic}
     bool ProfileInterpreter                       = false                                  {pd product} {command line}
    uintx ProfiledCodeHeapSize                     = 0                                      {pd product} {ergonomic}
   size_t SoftMaxHeapSize                          = 2118123520                             {manageable} {ergonomic}
     intx TieredStopAtLevel                        = 1                                         {product} {command line}
     bool UseCompressedClassPointers               = true                           {product lp64_product} {ergonomic}
     bool UseCompressedOops                        = true                           {product lp64_product} {ergonomic}
     bool UseG1GC                                  = true                                      {product} {ergonomic}
     bool UseLargePagesIndividualAllocation        = false                                  {pd product} {ergonomic}

Logging:
Log output configuration:
 #0: stdout all=warning uptime,level,tags
 #1: stderr all=off uptime,level,tags

Environment Variables:
JAVA_HOME=C:\Program Files\java\jdk-17
PATH=C:\Program Files\Common Files\Oracle\Java\javapath;C:\Python312\Scripts\;C:\Python312\;C:\Windows\system32;C:\Windows;C:\Windows\System32\Wbem;C:\Windows\System32\WindowsPowerShell\v1.0\;C:\Windows\System32\OpenSSH\;C:\xampp\php;C:\ProgramData\ComposerSetup\bin;C:\Program Files\Git\cmd;C:\Program Files\java\openlogic-openjdk-8u402-b06-windows-64\bin;C:\Program Files\nodejs\node_modules\npm\bin;C:\Program Files\nodejs\;C:\ProgramData\chocolatey\bin;C:\Users\Admin\Downloads\apache-maven-3.9.6-bin\apache-maven-3.9.6\bin;C:\Program Files\Docker\Docker\resources\bin;C:\Program Files\java\jdk-17\bin;;C:\Program Files\Git LFS;C:\Program Files\PuTTY\;C:\Users\Admin\AppData\Local\Programs\Python\Python311\Scripts\;C:\Users\Admin\AppData\Local\Programs\Python\Python311\;C:\Users\Admin\AppData\Local\Microsoft\WindowsApps;C:\ngrok;C:\Program Files\JetBrains\PyCharm Community Edition 2023.2.5\bin;;C:\Users\Admin\AppData\Local\Programs\Microsoft VS Code\bin;C:\Users\Admin\AppData\Roaming\Composer\vendor\bin;C:\Users\Admin\AppData\Local\GitHubDesktop\bin;"C:\Program Files\nodejs;C:\Users\Admin\AppData\Roaming\npm";C:\Users\Admin\AppData\Roaming\npm
USERNAME=Admin
LANG=en_US.UTF-8
OS=Windows_NT
PROCESSOR_IDENTIFIER=Intel64 Family 6 Model 94 Stepping 3, GenuineIntel



---------------  S Y S T E M  ---------------

OS:
 Windows 10 , 64 bit Build 19041 (10.0.19041.4717)
OS uptime: 18 days 0:11 hours
Hyper-V role detected

CPU: total 8 (initial active 8) (4 cores per cpu, 2 threads per core) family 6 model 94 stepping 3 microcode 0xf2, cx8, cmov, fxsr, ht, mmx, 3dnowpref, sse, sse2, sse3, ssse3, sse4.1, sse4.2, popcnt, lzcnt, tsc, tscinvbit, avx, avx2, aes, erms, clmul, bmi1, bmi2, rtm, adx, fma, vzeroupper, clflush, clflushopt, hv

Memory: 4k page, system-wide physical 8075M (104M free)
TotalPageFile size 32651M (AvailPageFile size 0M)
current process WorkingSet (physical memory assigned to process): 217M, peak: 234M
current process commit charge ("private bytes"): 280M, peak: 294M

vm_info: Java HotSpot(TM) 64-Bit Server VM (17.0.11+7-LTS-207) for windows-amd64 JRE (17.0.11+7-LTS-207), built on Mar 11 2024 19:01:50 by "mach5one" with MS VC++ 17.6 (VS2022)

END.
