#
# There is insufficient memory for the Java Runtime Environment to continue.
# Native memory allocation (malloc) failed to allocate 2097152 bytes. Error detail: AllocateHeap
# Possible reasons:
#   The system is out of physical RAM or swap space
#   This process is running with CompressedOops enabled, and the Java Heap may be blocking the growth of the native heap
# Possible solutions:
#   Reduce memory load on the system
#   Increase physical memory or swap space
#   Check if swap backing store is full
#   Decrease Java heap size (-Xmx/-Xms)
#   Decrease number of Java threads
#   Decrease Java thread stack sizes (-Xss)
#   Set larger code cache with -XX:ReservedCodeCacheSize=
#   JVM is running with Unscaled Compressed Oops mode in which the Java heap is
#     placed in the first 4GB address space. The Java Heap base address is the
#     maximum limit for the native heap growth. Please use -XX:HeapBaseMinAddress
#     to set the Java Heap base and to place the Java Heap above 4GB virtual address.
# This output file may be truncated or incomplete.
#
#  Out of Memory Error (allocation.cpp:44), pid=20568, tid=26512
#
# JRE version: OpenJDK Runtime Environment Temurin-17.0.12+7 (17.0.12+7) (build 17.0.12+7)
# Java VM: OpenJDK 64-Bit Server VM Temurin-17.0.12+7 (17.0.12+7, mixed mode, emulated-client, tiered, compressed oops, compressed class ptrs, g1 gc, windows-amd64)
# No core dump will be written. Minidumps are not enabled by default on client versions of Windows
#

---------------  S U M M A R Y ------------

Command Line: -Xmx1024m -Dsts.lsp.client=vscode -Dsts.log.file=/dev/null -XX:TieredStopAtLevel=1 -Xlog:jni+resolve=off -Dspring.config.location=file:c:\Users\Admin\.vscode\extensions\vmware.vscode-spring-boot-1.56.0\language-server\BOOT-INF\classes\application.properties org.springframework.ide.vscode.boot.app.BootLanguageServerBootApp

Host: Intel(R) Core(TM) i7-6700 CPU @ 3.40GHz, 8 cores, 7G,  Windows 10 , 64 bit Build 19041 (10.0.19041.4717)
Time: Wed Sep 11 10:33:14 2024 India Standard Time elapsed time: 97801.464125 seconds (1d 3h 10m 1s)

---------------  T H R E A D  ---------------

Current thread (0x000001abb709d140):  VMThread "VM Thread" [stack: 0x000000508b100000,0x000000508b200000] [id=26512]

Stack: [0x000000508b100000,0x000000508b200000]
Native frames: (J=compiled Java code, j=interpreted, Vv=VM code, C=native code)
V  [jvm.dll+0x67f929]
V  [jvm.dll+0x8371ba]
V  [jvm.dll+0x838c7e]
V  [jvm.dll+0x8392e3]
V  [jvm.dll+0x24834f]
V  [jvm.dll+0xa70d3]
V  [jvm.dll+0x2f9101]
V  [jvm.dll+0x2f4d00]
V  [jvm.dll+0x2dd82f]
V  [jvm.dll+0x3201f7]
V  [jvm.dll+0x83d7dd]
V  [jvm.dll+0x83e522]
V  [jvm.dll+0x83ea4f]
V  [jvm.dll+0x83ee34]
V  [jvm.dll+0x83ef00]
V  [jvm.dll+0x7e65dc]
V  [jvm.dll+0x67e7f7]
C  [ucrtbase.dll+0x21bb2]
C  [KERNEL32.DLL+0x17374]
C  [ntdll.dll+0x4cc91]

VM_Operation (0x000000508c5feee0): G1CollectFull, mode: safepoint, requested by thread 0x000001abbcbdd310


---------------  P R O C E S S  ---------------

Threads class SMR info:
_java_thread_list=0x000001abbcd970d0, length=27, elements={
0x000001abb70b13d0, 0x000001abb70b3a00, 0x000001abb71f8490, 0x000001abb71f9120,
0x000001abb71fd3a0, 0x000001abb71fe500, 0x000001abb71ff970, 0x000001abb70dfa10,
0x000001abb73fe050, 0x000001abb7426810, 0x000001abbca41c90, 0x000001abbcbdd310,
0x000001abbc993a20, 0x000001abac27ba20, 0x000001abbc993f00, 0x000001abb7dab770,
0x000001abbcdad010, 0x000001abbcdad4f0, 0x000001abbcceb4d0, 0x000001abbcceaab0,
0x000001abbccea090, 0x000001abbccea5a0, 0x000001abbcceafc0, 0x000001abbcceb9e0,
0x000001abbcdb82c0, 0x000001abbcdb7db0, 0x000001abbcdba630
}

Java Threads: ( => current thread )
  0x000001abb70b13d0 JavaThread "Reference Handler" daemon [_thread_blocked, id=21896, stack(0x000000508b200000,0x000000508b300000)]
  0x000001abb70b3a00 JavaThread "Finalizer" daemon [_thread_blocked, id=18048, stack(0x000000508b300000,0x000000508b400000)]
  0x000001abb71f8490 JavaThread "Signal Dispatcher" daemon [_thread_blocked, id=22536, stack(0x000000508b400000,0x000000508b500000)]
  0x000001abb71f9120 JavaThread "Attach Listener" daemon [_thread_blocked, id=24352, stack(0x000000508b500000,0x000000508b600000)]
  0x000001abb71fd3a0 JavaThread "Service Thread" daemon [_thread_blocked, id=8616, stack(0x000000508b600000,0x000000508b700000)]
  0x000001abb71fe500 JavaThread "Monitor Deflation Thread" daemon [_thread_blocked, id=1376, stack(0x000000508b700000,0x000000508b800000)]
  0x000001abb71ff970 JavaThread "C1 CompilerThread0" daemon [_thread_blocked, id=22112, stack(0x000000508b800000,0x000000508b900000)]
  0x000001abb70dfa10 JavaThread "Sweeper thread" daemon [_thread_blocked, id=5032, stack(0x000000508b900000,0x000000508ba00000)]
  0x000001abb73fe050 JavaThread "Notification Thread" daemon [_thread_blocked, id=13108, stack(0x000000508bb00000,0x000000508bc00000)]
  0x000001abb7426810 JavaThread "Common-Cleaner" daemon [_thread_blocked, id=2644, stack(0x000000508bd00000,0x000000508be00000)]
  0x000001abbca41c90 JavaThread "boundedElastic-evictor-1" daemon [_thread_blocked, id=25544, stack(0x000000508c400000,0x000000508c500000)]
  0x000001abbcbdd310 JavaThread "pool-13-thread-1" [_thread_blocked, id=23092, stack(0x000000508c500000,0x000000508c600000)]
  0x000001abbc993a20 JavaThread "LanguageServerApp-lifecycle" [_thread_blocked, id=21704, stack(0x000000508c900000,0x000000508ca00000)]
  0x000001abac27ba20 JavaThread "DestroyJavaVM" [_thread_blocked, id=21512, stack(0x000000508ab00000,0x000000508ac00000)]
  0x000001abbc993f00 JavaThread "pool-14-thread-1" [_thread_in_native, id=7480, stack(0x000000508ca00000,0x000000508cb00000)]
  0x000001abb7dab770 JavaThread "Simple-Language-Server main thread" daemon [_thread_blocked, id=10860, stack(0x000000508cb00000,0x000000508cc00000)]
  0x000001abbcdad010 JavaThread "parallel-1" daemon [_thread_blocked, id=21808, stack(0x000000508cc00000,0x000000508cd00000)]
  0x000001abbcdad4f0 JavaThread "pool-8-thread-1" [_thread_blocked, id=21148, stack(0x000000508cd00000,0x000000508ce00000)]
  0x000001abbcceb4d0 JavaThread "parallel-2" daemon [_thread_blocked, id=19524, stack(0x000000508ce00000,0x000000508cf00000)]
  0x000001abbcceaab0 JavaThread "parallel-3" daemon [_thread_blocked, id=18168, stack(0x000000508cf00000,0x000000508d000000)]
  0x000001abbccea090 JavaThread "parallel-4" daemon [_thread_blocked, id=15492, stack(0x000000508d000000,0x000000508d100000)]
  0x000001abbccea5a0 JavaThread "parallel-5" daemon [_thread_blocked, id=26452, stack(0x000000508d100000,0x000000508d200000)]
  0x000001abbcceafc0 JavaThread "parallel-6" daemon [_thread_blocked, id=19668, stack(0x000000508d200000,0x000000508d300000)]
  0x000001abbcceb9e0 JavaThread "parallel-7" daemon [_thread_blocked, id=21488, stack(0x000000508d300000,0x000000508d400000)]
  0x000001abbcdb82c0 JavaThread "parallel-8" daemon [_thread_blocked, id=22824, stack(0x000000508d400000,0x000000508d500000)]
  0x000001abbcdb7db0 JavaThread "pool-6-thread-1" [_thread_blocked, id=22556, stack(0x000000508d500000,0x000000508d600000)]
  0x000001abbcdba630 JavaThread "Reconciler-1" daemon [_thread_blocked, id=9460, stack(0x000000508d900000,0x000000508da00000)]

Other Threads:
=>0x000001abb709d140 VMThread "VM Thread" [stack: 0x000000508b100000,0x000000508b200000] [id=26512]
  0x000001abb741e540 WatcherThread [stack: 0x000000508bc00000,0x000000508bd00000] [id=10688]
  0x000001abac2b7de0 GCTaskThread "GC Thread#0" [stack: 0x000000508ac00000,0x000000508ad00000] [id=22832]
  0x000001abb72df450 GCTaskThread "GC Thread#1" [stack: 0x000000508be00000,0x000000508bf00000] [id=21964]
  0x000001abb72df710 GCTaskThread "GC Thread#2" [stack: 0x000000508bf00000,0x000000508c000000] [id=16844]
  0x000001abb7cc3c10 GCTaskThread "GC Thread#3" [stack: 0x000000508c000000,0x000000508c100000] [id=3188]
  0x000001abbc126c90 GCTaskThread "GC Thread#4" [stack: 0x000000508c100000,0x000000508c200000] [id=15412]
  0x000001abbc2d2720 GCTaskThread "GC Thread#5" [stack: 0x000000508c200000,0x000000508c300000] [id=14600]
  0x000001abbc425820 GCTaskThread "GC Thread#6" [stack: 0x000000508c600000,0x000000508c700000] [id=26404]
  0x000001abbc4afdf0 GCTaskThread "GC Thread#7" [stack: 0x000000508c700000,0x000000508c800000] [id=24816]
  0x000001abac2c0d30 ConcurrentGCThread "G1 Main Marker" [stack: 0x000000508ad00000,0x000000508ae00000] [id=10660]
  0x000001abac2c2f00 ConcurrentGCThread "G1 Conc#0" [stack: 0x000000508ae00000,0x000000508af00000] [id=15020]
  0x000001abbc4e7f60 ConcurrentGCThread "G1 Conc#1" [stack: 0x000000508c800000,0x000000508c900000] [id=25680]
  0x000001abb6f110b0 ConcurrentGCThread "G1 Refine#0" [stack: 0x000000508af00000,0x000000508b000000] [id=22784]
  0x000001abb6f11ae0 ConcurrentGCThread "G1 Service" [stack: 0x000000508b000000,0x000000508b100000] [id=25028]

Threads with active compile tasks:

VM state: at safepoint (normal execution)

VM Mutex/Monitor currently owned by a thread:  ([mutex/lock_event])
[0x000001abaa00d690] Threads_lock - owner thread: 0x000001abb709d140
[0x000001abac278ff0] Heap_lock - owner thread: 0x000001abbcbdd310

Heap address: 0x00000000c0000000, size: 1024 MB, Compressed Oops mode: 32-bit

CDS archive(s) not mapped
Compressed class space mapped at: 0x0000000100000000-0x0000000140000000, reserved size: 1073741824
Narrow klass base: 0x0000000000000000, Narrow klass shift: 3, Narrow klass range: 0x140000000

GC Precious Log:
 CPUs: 8 total, 8 available
 Memory: 8075M
 Large Page Support: Disabled
 NUMA Support: Disabled
 Compressed Oops: Enabled (32-bit)
 Heap Region Size: 1M
 Heap Min Capacity: 8M
 Heap Initial Capacity: 128M
 Heap Max Capacity: 1G
 Pre-touch: Disabled
 Parallel Workers: 8
 Concurrent Workers: 2
 Concurrent Refinement Workers: 8
 Periodic GC: Disabled

Heap:
 garbage-first heap   total 75776K, used 25576K [0x00000000c0000000, 0x0000000100000000)
  region size 1024K, 1 young (1024K), 0 survivors (0K)
 Metaspace       used 41671K, committed 42240K, reserved 1114112K
  class space    used 5345K, committed 5568K, reserved 1048576K

Heap Regions: E=young(eden), S=young(survivor), O=old, HS=humongous(starts), HC=humongous(continues), CS=collection set, F=free, OA=open archive, CA=closed archive, TAMS=top-at-mark-start (previous, next)
|   0|0x00000000c0000000, 0x00000000c0100000, 0x00000000c0100000|100%|HS|  |TAMS 0x00000000c0100000, 0x00000000c0000000| Untracked 
|   1|0x00000000c0100000, 0x00000000c0200000, 0x00000000c0200000|100%|HC|  |TAMS 0x00000000c0200000, 0x00000000c0100000| Untracked 
|   2|0x00000000c0200000, 0x00000000c0300000, 0x00000000c0300000|100%|HC|  |TAMS 0x00000000c0300000, 0x00000000c0200000| Untracked 
|   3|0x00000000c0300000, 0x00000000c0400000, 0x00000000c0400000|100%|HC|  |TAMS 0x00000000c0400000, 0x00000000c0300000| Untracked 
|   4|0x00000000c0400000, 0x00000000c0500000, 0x00000000c0500000|100%|HS|  |TAMS 0x00000000c0500000, 0x00000000c0400000| Untracked 
|   5|0x00000000c0500000, 0x00000000c0600000, 0x00000000c0600000|100%|HC|  |TAMS 0x00000000c0600000, 0x00000000c0500000| Untracked 
|   6|0x00000000c0600000, 0x00000000c0700000, 0x00000000c0700000|100%| O|  |TAMS 0x00000000c0700000, 0x00000000c0600000| Untracked 
|   7|0x00000000c0700000, 0x00000000c0800000, 0x00000000c0800000|100%| O|  |TAMS 0x00000000c0800000, 0x00000000c0700000| Untracked 
|   8|0x00000000c0800000, 0x00000000c08f9e00, 0x00000000c0900000| 97%| O|  |TAMS 0x00000000c08f9e00, 0x00000000c0800000| Untracked 
|   9|0x00000000c0900000, 0x00000000c0a00000, 0x00000000c0a00000|100%| O|  |TAMS 0x00000000c0a00000, 0x00000000c0900000| Untracked 
|  10|0x00000000c0a00000, 0x00000000c0b00000, 0x00000000c0b00000|100%| O|  |TAMS 0x00000000c0b00000, 0x00000000c0a00000| Untracked 
|  11|0x00000000c0b00000, 0x00000000c0bfffe0, 0x00000000c0c00000| 99%| O|  |TAMS 0x00000000c0bfffe0, 0x00000000c0b00000| Untracked 
|  12|0x00000000c0c00000, 0x00000000c0cffff8, 0x00000000c0d00000| 99%| O|  |TAMS 0x00000000c0cffff8, 0x00000000c0c00000| Untracked 
|  13|0x00000000c0d00000, 0x00000000c0e00000, 0x00000000c0e00000|100%| O|  |TAMS 0x00000000c0e00000, 0x00000000c0d00000| Untracked 
|  14|0x00000000c0e00000, 0x00000000c0f00000, 0x00000000c0f00000|100%| O|  |TAMS 0x00000000c0f00000, 0x00000000c0e00000| Untracked 
|  15|0x00000000c0f00000, 0x00000000c1000000, 0x00000000c1000000|100%| O|  |TAMS 0x00000000c1000000, 0x00000000c0f00000| Untracked 
|  16|0x00000000c1000000, 0x00000000c10ff658, 0x00000000c1100000| 99%| O|  |TAMS 0x00000000c10ff658, 0x00000000c1000000| Untracked 
|  17|0x00000000c1100000, 0x00000000c11ffff8, 0x00000000c1200000| 99%| O|  |TAMS 0x00000000c11ffff8, 0x00000000c1100000| Untracked 
|  18|0x00000000c1200000, 0x00000000c1300000, 0x00000000c1300000|100%| O|  |TAMS 0x00000000c1300000, 0x00000000c1200000| Untracked 
|  19|0x00000000c1300000, 0x00000000c1400000, 0x00000000c1400000|100%| O|  |TAMS 0x00000000c1400000, 0x00000000c1300000| Untracked 
|  20|0x00000000c1400000, 0x00000000c14fffd0, 0x00000000c1500000| 99%| O|  |TAMS 0x00000000c14fffd0, 0x00000000c1400000| Untracked 
|  21|0x00000000c1500000, 0x00000000c15ffff0, 0x00000000c1600000| 99%| O|  |TAMS 0x00000000c15ffff0, 0x00000000c1500000| Untracked 
|  22|0x00000000c1600000, 0x00000000c16ffff0, 0x00000000c1700000| 99%| O|  |TAMS 0x00000000c16ffff0, 0x00000000c1600000| Untracked 
|  23|0x00000000c1700000, 0x00000000c1800000, 0x00000000c1800000|100%| O|  |TAMS 0x00000000c1800000, 0x00000000c1700000| Untracked 
|  24|0x00000000c1800000, 0x00000000c18ffff8, 0x00000000c1900000| 99%| O|  |TAMS 0x00000000c18ffff8, 0x00000000c1800000| Untracked 
|  25|0x00000000c1900000, 0x00000000c1900e68, 0x00000000c1a00000|  0%| O|  |TAMS 0x00000000c1900000, 0x00000000c1900000| Untracked 
|  26|0x00000000c1a00000, 0x00000000c1a00000, 0x00000000c1b00000|  0%| F|  |TAMS 0x00000000c1a00000, 0x00000000c1a00000| Untracked 
|  27|0x00000000c1b00000, 0x00000000c1b00000, 0x00000000c1c00000|  0%| F|  |TAMS 0x00000000c1b00000, 0x00000000c1b00000| Untracked 
|  28|0x00000000c1c00000, 0x00000000c1c00000, 0x00000000c1d00000|  0%| F|  |TAMS 0x00000000c1c00000, 0x00000000c1c00000| Untracked 
|  29|0x00000000c1d00000, 0x00000000c1d00000, 0x00000000c1e00000|  0%| F|  |TAMS 0x00000000c1d00000, 0x00000000c1d00000| Untracked 
|  30|0x00000000c1e00000, 0x00000000c1e00000, 0x00000000c1f00000|  0%| F|  |TAMS 0x00000000c1e00000, 0x00000000c1e00000| Untracked 
|  31|0x00000000c1f00000, 0x00000000c1f00000, 0x00000000c2000000|  0%| F|  |TAMS 0x00000000c1f00000, 0x00000000c1f00000| Untracked 
|  32|0x00000000c2000000, 0x00000000c2000000, 0x00000000c2100000|  0%| F|  |TAMS 0x00000000c2000000, 0x00000000c2000000| Untracked 
|  33|0x00000000c2100000, 0x00000000c2100000, 0x00000000c2200000|  0%| F|  |TAMS 0x00000000c2100000, 0x00000000c2100000| Untracked 
|  34|0x00000000c2200000, 0x00000000c2200000, 0x00000000c2300000|  0%| F|  |TAMS 0x00000000c2200000, 0x00000000c2200000| Untracked 
|  35|0x00000000c2300000, 0x00000000c2300000, 0x00000000c2400000|  0%| F|  |TAMS 0x00000000c2300000, 0x00000000c2300000| Untracked 
|  36|0x00000000c2400000, 0x00000000c2400000, 0x00000000c2500000|  0%| F|  |TAMS 0x00000000c2400000, 0x00000000c2400000| Untracked 
|  37|0x00000000c2500000, 0x00000000c2500000, 0x00000000c2600000|  0%| F|  |TAMS 0x00000000c2500000, 0x00000000c2500000| Untracked 
|  38|0x00000000c2600000, 0x00000000c2600000, 0x00000000c2700000|  0%| F|  |TAMS 0x00000000c2600000, 0x00000000c2600000| Untracked 
|  39|0x00000000c2700000, 0x00000000c2700000, 0x00000000c2800000|  0%| F|  |TAMS 0x00000000c2700000, 0x00000000c2700000| Untracked 
|  40|0x00000000c2800000, 0x00000000c2800000, 0x00000000c2900000|  0%| F|  |TAMS 0x00000000c2800000, 0x00000000c2800000| Untracked 
|  41|0x00000000c2900000, 0x00000000c2900000, 0x00000000c2a00000|  0%| F|  |TAMS 0x00000000c2900000, 0x00000000c2900000| Untracked 
|  42|0x00000000c2a00000, 0x00000000c2a00000, 0x00000000c2b00000|  0%| F|  |TAMS 0x00000000c2a00000, 0x00000000c2a00000| Untracked 
|  43|0x00000000c2b00000, 0x00000000c2b00000, 0x00000000c2c00000|  0%| F|  |TAMS 0x00000000c2b00000, 0x00000000c2b00000| Untracked 
|  44|0x00000000c2c00000, 0x00000000c2c00000, 0x00000000c2d00000|  0%| F|  |TAMS 0x00000000c2c00000, 0x00000000c2c00000| Untracked 
|  45|0x00000000c2d00000, 0x00000000c2d00000, 0x00000000c2e00000|  0%| F|  |TAMS 0x00000000c2d00000, 0x00000000c2d00000| Untracked 
|  46|0x00000000c2e00000, 0x00000000c2e00000, 0x00000000c2f00000|  0%| F|  |TAMS 0x00000000c2e00000, 0x00000000c2e00000| Untracked 
|  47|0x00000000c2f00000, 0x00000000c2f00000, 0x00000000c3000000|  0%| F|  |TAMS 0x00000000c2f00000, 0x00000000c2f00000| Untracked 
|  48|0x00000000c3000000, 0x00000000c3000000, 0x00000000c3100000|  0%| F|  |TAMS 0x00000000c3000000, 0x00000000c3000000| Untracked 
|  49|0x00000000c3100000, 0x00000000c3100000, 0x00000000c3200000|  0%| F|  |TAMS 0x00000000c3100000, 0x00000000c3100000| Untracked 
|  50|0x00000000c3200000, 0x00000000c3200000, 0x00000000c3300000|  0%| F|  |TAMS 0x00000000c3200000, 0x00000000c3200000| Untracked 
|  51|0x00000000c3300000, 0x00000000c3300000, 0x00000000c3400000|  0%| F|  |TAMS 0x00000000c3300000, 0x00000000c3300000| Untracked 
|  52|0x00000000c3400000, 0x00000000c3400000, 0x00000000c3500000|  0%| F|  |TAMS 0x00000000c3400000, 0x00000000c3400000| Untracked 
|  53|0x00000000c3500000, 0x00000000c3500000, 0x00000000c3600000|  0%| F|  |TAMS 0x00000000c3500000, 0x00000000c3500000| Untracked 
|  54|0x00000000c3600000, 0x00000000c3600000, 0x00000000c3700000|  0%| F|  |TAMS 0x00000000c3600000, 0x00000000c3600000| Untracked 
|  55|0x00000000c3700000, 0x00000000c3700000, 0x00000000c3800000|  0%| F|  |TAMS 0x00000000c3700000, 0x00000000c3700000| Untracked 
|  56|0x00000000c3800000, 0x00000000c3800000, 0x00000000c3900000|  0%| F|  |TAMS 0x00000000c3800000, 0x00000000c3800000| Untracked 
|  57|0x00000000c3900000, 0x00000000c3900000, 0x00000000c3a00000|  0%| F|  |TAMS 0x00000000c3900000, 0x00000000c3900000| Untracked 
|  58|0x00000000c3a00000, 0x00000000c3a00000, 0x00000000c3b00000|  0%| F|  |TAMS 0x00000000c3a00000, 0x00000000c3a00000| Untracked 
|  59|0x00000000c3b00000, 0x00000000c3b00000, 0x00000000c3c00000|  0%| F|  |TAMS 0x00000000c3b00000, 0x00000000c3b00000| Untracked 
|  60|0x00000000c3c00000, 0x00000000c3c00000, 0x00000000c3d00000|  0%| F|  |TAMS 0x00000000c3c00000, 0x00000000c3c00000| Untracked 
|  61|0x00000000c3d00000, 0x00000000c3d00000, 0x00000000c3e00000|  0%| F|  |TAMS 0x00000000c3d00000, 0x00000000c3d00000| Untracked 
|  62|0x00000000c3e00000, 0x00000000c3e00000, 0x00000000c3f00000|  0%| F|  |TAMS 0x00000000c3e00000, 0x00000000c3e00000| Untracked 
|  63|0x00000000c3f00000, 0x00000000c3f00000, 0x00000000c4000000|  0%| F|  |TAMS 0x00000000c3f00000, 0x00000000c3f00000| Untracked 
|  64|0x00000000c4000000, 0x00000000c4000000, 0x00000000c4100000|  0%| F|  |TAMS 0x00000000c4000000, 0x00000000c4000000| Untracked 
|  65|0x00000000c4100000, 0x00000000c4100000, 0x00000000c4200000|  0%| F|  |TAMS 0x00000000c4100000, 0x00000000c4100000| Untracked 
|  66|0x00000000c4200000, 0x00000000c4200000, 0x00000000c4300000|  0%| F|  |TAMS 0x00000000c4200000, 0x00000000c4200000| Untracked 
|  67|0x00000000c4300000, 0x00000000c4300000, 0x00000000c4400000|  0%| F|  |TAMS 0x00000000c4300000, 0x00000000c4300000| Untracked 
|  87|0x00000000c5700000, 0x00000000c5700000, 0x00000000c5800000|  0%| F|  |TAMS 0x00000000c5700000, 0x00000000c5700000| Untracked 
|  88|0x00000000c5800000, 0x00000000c5800000, 0x00000000c5900000|  0%| F|  |TAMS 0x00000000c5800000, 0x00000000c5800000| Untracked 
|  89|0x00000000c5900000, 0x00000000c5900000, 0x00000000c5a00000|  0%| F|  |TAMS 0x00000000c5900000, 0x00000000c5900000| Untracked 
|  90|0x00000000c5a00000, 0x00000000c5a00000, 0x00000000c5b00000|  0%| F|  |TAMS 0x00000000c5a00000, 0x00000000c5a00000| Untracked 
|  91|0x00000000c5b00000, 0x00000000c5b00000, 0x00000000c5c00000|  0%| F|  |TAMS 0x00000000c5b00000, 0x00000000c5b00000| Untracked 
| 127|0x00000000c7f00000, 0x00000000c7f23d98, 0x00000000c8000000| 14%| E|  |TAMS 0x00000000c7f00000, 0x00000000c7f00000| Complete 

Card table byte_map: [0x000001abb2220000,0x000001abb2420000] _byte_map_base: 0x000001abb1c20000

Marking Bits (Prev, Next): (CMBitMap*) 0x000001abac2b8440, (CMBitMap*) 0x000001abac2b8400
 Prev Bits: [0x000001abb3620000, 0x000001abb4620000)
 Next Bits: [0x000001abb2620000, 0x000001abb3620000)

Polling page: 0x000001abaa220000

Metaspace:

Usage:
  Non-class:     35.48 MB used.
      Class:      5.22 MB used.
       Both:     40.70 MB used.

Virtual space:
  Non-class space:       64.00 MB reserved,      35.81 MB ( 56%) committed,  1 nodes.
      Class space:        1.00 GB reserved,       5.44 MB ( <1%) committed,  1 nodes.
             Both:        1.06 GB reserved,      41.25 MB (  4%) committed. 

Chunk freelists:
   Non-Class:  11.57 MB
       Class:  10.59 MB
        Both:  22.16 MB

MaxMetaspaceSize: unlimited
CompressedClassSpaceSize: 1.00 GB
Initial GC threshold: 21.00 MB
Current GC threshold: 68.75 MB
CDS: off
MetaspaceReclaimPolicy: balanced
 - commit_granule_bytes: 65536.
 - commit_granule_words: 8192.
 - virtual_space_node_default_size: 8388608.
 - enlarge_chunks_in_place: 1.
 - new_chunks_are_fully_committed: 0.
 - uncommit_free_chunks: 1.
 - use_allocation_guard: 0.
 - handle_deallocations: 1.


Internal statistics:

num_allocs_failed_limit: 8.
num_arena_births: 502.
num_arena_deaths: 152.
num_vsnodes_births: 2.
num_vsnodes_deaths: 0.
num_space_committed: 659.
num_space_uncommitted: 0.
num_chunks_returned_to_freelist: 178.
num_chunks_taken_from_freelist: 1755.
num_chunk_merges: 57.
num_chunk_splits: 1224.
num_chunks_enlarged: 935.
num_inconsistent_stats: 0.

CodeCache: size=49152Kb used=7192Kb max_used=8622Kb free=41959Kb
 bounds [0x000001abaef10000, 0x000001abaf7f0000, 0x000001abb1f10000]
 total_blobs=4451 nmethods=3900 adapters=478
 compilation: enabled
              stopped_count=0, restarted_count=0
 full_count=0

Compilation events (20 events):
Event: 2672.450 Thread 0x000001abb71ff970 3891       1       java.lang.ProcessImpl$$Lambda$820/0x00000001003e56b8::run (8 bytes)
Event: 2672.451 Thread 0x000001abb71ff970 nmethod 3891 0x000001abaf32e510 code [0x000001abaf32e6a0, 0x000001abaf32e788]
Event: 2672.451 Thread 0x000001abb71ff970 3892       1       java.lang.ProcessImpl::lambda$new$0 (6 bytes)
Event: 2672.451 Thread 0x000001abb71ff970 nmethod 3892 0x000001abaf32e210 code [0x000001abaf32e3a0, 0x000001abaf32e468]
Event: 2672.451 Thread 0x000001abb71ff970 3887   !   1       java.io.FileOutputStream::close (69 bytes)
Event: 2672.451 Thread 0x000001abb71ff970 nmethod 3887 0x000001abaf32db90 code [0x000001abaf32dd60, 0x000001abaf32e0d8]
Event: 2672.451 Thread 0x000001abb71ff970 3888       1       java.io.FileOutputStream$1::<init> (10 bytes)
Event: 2672.451 Thread 0x000001abb71ff970 nmethod 3888 0x000001abaf32d890 code [0x000001abaf32da20, 0x000001abaf32db38]
Event: 2672.451 Thread 0x000001abb71ff970 3889       1       java.io.FileOutputStream$1::close (11 bytes)
Event: 2672.452 Thread 0x000001abb71ff970 nmethod 3889 0x000001abaf32d210 code [0x000001abaf32d3c0, 0x000001abaf32d6d8]
Event: 3983.767 Thread 0x000001abb71ff970 3895       1       java.lang.ProcessImpl$2::run (242 bytes)
Event: 3983.771 Thread 0x000001abb71ff970 nmethod 3895 0x000001abaf32b390 code [0x000001abaf32b640, 0x000001abaf32c3d8]
Event: 3983.771 Thread 0x000001abb71ff970 3896       1       java.io.BufferedOutputStream::<init> (9 bytes)
Event: 3983.772 Thread 0x000001abb71ff970 nmethod 3896 0x000001abaf32ae10 code [0x000001abaf32afa0, 0x000001abaf32b278]
Event: 3983.772 Thread 0x000001abb71ff970 3897       1       java.lang.ProcessImpl::waitFor (136 bytes)
Event: 3983.777 Thread 0x000001abb71ff970 nmethod 3897 0x000001abaf32a590 code [0x000001abaf32a7a0, 0x000001abaf32abd8]
Event: 30060.983 Thread 0x000001abb71ff970 3899       1       java.time.format.DateTimeFormatter::getDecimalStyle (5 bytes)
Event: 30061.017 Thread 0x000001abb71ff970 nmethod 3899 0x000001abaf32a290 code [0x000001abaf32a420, 0x000001abaf32a4f8]
Event: 30061.019 Thread 0x000001abb71ff970 3900       1       java.math.BigDecimal::<init> (27 bytes)
Event: 30061.026 Thread 0x000001abb71ff970 nmethod 3900 0x000001abaf329f90 code [0x000001abaf32a120, 0x000001abaf32a238]

GC Heap History (20 events):
Event: 97696.730 GC heap after
{Heap after GC invocations=9549 (full 9538):
 garbage-first heap   total 75776K, used 25576K [0x00000000c0000000, 0x0000000100000000)
  region size 1024K, 0 young (0K), 0 survivors (0K)
 Metaspace       used 41671K, committed 42240K, reserved 1114112K
  class space    used 5345K, committed 5568K, reserved 1048576K
}
Event: 97706.963 GC heap before
{Heap before GC invocations=9549 (full 9538):
 garbage-first heap   total 75776K, used 25576K [0x00000000c0000000, 0x0000000100000000)
  region size 1024K, 1 young (1024K), 0 survivors (0K)
 Metaspace       used 41671K, committed 42240K, reserved 1114112K
  class space    used 5345K, committed 5568K, reserved 1048576K
}
Event: 97706.994 GC heap after
{Heap after GC invocations=9550 (full 9539):
 garbage-first heap   total 75776K, used 25576K [0x00000000c0000000, 0x0000000100000000)
  region size 1024K, 0 young (0K), 0 survivors (0K)
 Metaspace       used 41671K, committed 42240K, reserved 1114112K
  class space    used 5345K, committed 5568K, reserved 1048576K
}
Event: 97717.308 GC heap before
{Heap before GC invocations=9550 (full 9539):
 garbage-first heap   total 75776K, used 25576K [0x00000000c0000000, 0x0000000100000000)
  region size 1024K, 1 young (1024K), 0 survivors (0K)
 Metaspace       used 41671K, committed 42240K, reserved 1114112K
  class space    used 5345K, committed 5568K, reserved 1048576K
}
Event: 97717.338 GC heap after
{Heap after GC invocations=9551 (full 9540):
 garbage-first heap   total 75776K, used 25576K [0x00000000c0000000, 0x0000000100000000)
  region size 1024K, 0 young (0K), 0 survivors (0K)
 Metaspace       used 41671K, committed 42240K, reserved 1114112K
  class space    used 5345K, committed 5568K, reserved 1048576K
}
Event: 97728.043 GC heap before
{Heap before GC invocations=9551 (full 9540):
 garbage-first heap   total 75776K, used 25576K [0x00000000c0000000, 0x0000000100000000)
  region size 1024K, 1 young (1024K), 0 survivors (0K)
 Metaspace       used 41671K, committed 42240K, reserved 1114112K
  class space    used 5345K, committed 5568K, reserved 1048576K
}
Event: 97728.073 GC heap after
{Heap after GC invocations=9552 (full 9541):
 garbage-first heap   total 75776K, used 25576K [0x00000000c0000000, 0x0000000100000000)
  region size 1024K, 0 young (0K), 0 survivors (0K)
 Metaspace       used 41671K, committed 42240K, reserved 1114112K
  class space    used 5345K, committed 5568K, reserved 1048576K
}
Event: 97738.377 GC heap before
{Heap before GC invocations=9552 (full 9541):
 garbage-first heap   total 75776K, used 25576K [0x00000000c0000000, 0x0000000100000000)
  region size 1024K, 1 young (1024K), 0 survivors (0K)
 Metaspace       used 41671K, committed 42240K, reserved 1114112K
  class space    used 5345K, committed 5568K, reserved 1048576K
}
Event: 97738.407 GC heap after
{Heap after GC invocations=9553 (full 9542):
 garbage-first heap   total 75776K, used 25576K [0x00000000c0000000, 0x0000000100000000)
  region size 1024K, 0 young (0K), 0 survivors (0K)
 Metaspace       used 41671K, committed 42240K, reserved 1114112K
  class space    used 5345K, committed 5568K, reserved 1048576K
}
Event: 97748.653 GC heap before
{Heap before GC invocations=9553 (full 9542):
 garbage-first heap   total 75776K, used 25576K [0x00000000c0000000, 0x0000000100000000)
  region size 1024K, 1 young (1024K), 0 survivors (0K)
 Metaspace       used 41671K, committed 42240K, reserved 1114112K
  class space    used 5345K, committed 5568K, reserved 1048576K
}
Event: 97748.684 GC heap after
{Heap after GC invocations=9554 (full 9543):
 garbage-first heap   total 75776K, used 25576K [0x00000000c0000000, 0x0000000100000000)
  region size 1024K, 0 young (0K), 0 survivors (0K)
 Metaspace       used 41671K, committed 42240K, reserved 1114112K
  class space    used 5345K, committed 5568K, reserved 1048576K
}
Event: 97758.830 GC heap before
{Heap before GC invocations=9554 (full 9543):
 garbage-first heap   total 75776K, used 25576K [0x00000000c0000000, 0x0000000100000000)
  region size 1024K, 1 young (1024K), 0 survivors (0K)
 Metaspace       used 41671K, committed 42240K, reserved 1114112K
  class space    used 5345K, committed 5568K, reserved 1048576K
}
Event: 97758.863 GC heap after
{Heap after GC invocations=9555 (full 9544):
 garbage-first heap   total 75776K, used 25576K [0x00000000c0000000, 0x0000000100000000)
  region size 1024K, 0 young (0K), 0 survivors (0K)
 Metaspace       used 41671K, committed 42240K, reserved 1114112K
  class space    used 5345K, committed 5568K, reserved 1048576K
}
Event: 97769.117 GC heap before
{Heap before GC invocations=9555 (full 9544):
 garbage-first heap   total 75776K, used 25576K [0x00000000c0000000, 0x0000000100000000)
  region size 1024K, 1 young (1024K), 0 survivors (0K)
 Metaspace       used 41671K, committed 42240K, reserved 1114112K
  class space    used 5345K, committed 5568K, reserved 1048576K
}
Event: 97769.148 GC heap after
{Heap after GC invocations=9556 (full 9545):
 garbage-first heap   total 75776K, used 25576K [0x00000000c0000000, 0x0000000100000000)
  region size 1024K, 0 young (0K), 0 survivors (0K)
 Metaspace       used 41671K, committed 42240K, reserved 1114112K
  class space    used 5345K, committed 5568K, reserved 1048576K
}
Event: 97779.449 GC heap before
{Heap before GC invocations=9556 (full 9545):
 garbage-first heap   total 75776K, used 25576K [0x00000000c0000000, 0x0000000100000000)
  region size 1024K, 1 young (1024K), 0 survivors (0K)
 Metaspace       used 41671K, committed 42240K, reserved 1114112K
  class space    used 5345K, committed 5568K, reserved 1048576K
}
Event: 97779.483 GC heap after
{Heap after GC invocations=9557 (full 9546):
 garbage-first heap   total 75776K, used 25576K [0x00000000c0000000, 0x0000000100000000)
  region size 1024K, 0 young (0K), 0 survivors (0K)
 Metaspace       used 41671K, committed 42240K, reserved 1114112K
  class space    used 5345K, committed 5568K, reserved 1048576K
}
Event: 97791.033 GC heap before
{Heap before GC invocations=9557 (full 9546):
 garbage-first heap   total 75776K, used 25576K [0x00000000c0000000, 0x0000000100000000)
  region size 1024K, 1 young (1024K), 0 survivors (0K)
 Metaspace       used 41671K, committed 42240K, reserved 1114112K
  class space    used 5345K, committed 5568K, reserved 1048576K
}
Event: 97791.064 GC heap after
{Heap after GC invocations=9558 (full 9547):
 garbage-first heap   total 75776K, used 25576K [0x00000000c0000000, 0x0000000100000000)
  region size 1024K, 0 young (0K), 0 survivors (0K)
 Metaspace       used 41671K, committed 42240K, reserved 1114112K
  class space    used 5345K, committed 5568K, reserved 1048576K
}
Event: 97801.434 GC heap before
{Heap before GC invocations=9558 (full 9547):
 garbage-first heap   total 75776K, used 25576K [0x00000000c0000000, 0x0000000100000000)
  region size 1024K, 1 young (1024K), 0 survivors (0K)
 Metaspace       used 41671K, committed 42240K, reserved 1114112K
  class space    used 5345K, committed 5568K, reserved 1048576K
}

Dll operation events (8 events):
Event: 0.040 Loaded shared library c:\Users\Admin\.vscode\extensions\redhat.java-1.34.0-win32-x64\jre\17.0.12-win32-x86_64\bin\java.dll
Event: 0.869 Loaded shared library C:\Users\Admin\.vscode\extensions\redhat.java-1.34.0-win32-x64\jre\17.0.12-win32-x86_64\bin\net.dll
Event: 0.983 Loaded shared library C:\Users\Admin\.vscode\extensions\redhat.java-1.34.0-win32-x64\jre\17.0.12-win32-x86_64\bin\nio.dll
Event: 1.015 Loaded shared library C:\Users\Admin\.vscode\extensions\redhat.java-1.34.0-win32-x64\jre\17.0.12-win32-x86_64\bin\zip.dll
Event: 7.317 Loaded shared library C:\Users\Admin\.vscode\extensions\redhat.java-1.34.0-win32-x64\jre\17.0.12-win32-x86_64\bin\jimage.dll
Event: 9.735 Loaded shared library c:\Users\Admin\.vscode\extensions\redhat.java-1.34.0-win32-x64\jre\17.0.12-win32-x86_64\bin\verify.dll
Event: 19.273 Loaded shared library C:\Users\Admin\.vscode\extensions\redhat.java-1.34.0-win32-x64\jre\17.0.12-win32-x86_64\bin\management.dll
Event: 19.313 Loaded shared library C:\Users\Admin\.vscode\extensions\redhat.java-1.34.0-win32-x64\jre\17.0.12-win32-x86_64\bin\management_ext.dll

Deoptimization events (6 events):
Event: 19.997 Thread 0x000001abbc993f00 DEOPT PACKING pc=0x000001abaf4e3c01 sp=0x000000508cafdcf0
Event: 19.997 Thread 0x000001abbc993f00 DEOPT UNPACKING pc=0x000001abaef67143 sp=0x000000508cafd180 mode 3
Event: 20.013 Thread 0x000001abbcceb9e0 DEOPT PACKING pc=0x000001abaf4c7097 sp=0x000000508d3fefa0
Event: 20.013 Thread 0x000001abbcceb9e0 DEOPT UNPACKING pc=0x000001abaef67143 sp=0x000000508d3fe3f8 mode 3
Event: 30060.816 Thread 0x000001abbc993f00 DEOPT PACKING pc=0x000001abaf5b7854 sp=0x000000508cafeff0
Event: 30060.825 Thread 0x000001abbc993f00 DEOPT UNPACKING pc=0x000001abaef67143 sp=0x000000508cafe498 mode 0

Classes loaded (20 events):
Event: 20.666 Loading class java/util/EmptyStackException
Event: 20.666 Loading class java/util/EmptyStackException done
Event: 20.681 Loading class java/io/InvalidClassException
Event: 20.681 Loading class java/io/InvalidClassException done
Event: 20.689 Loading class java/util/ArrayList$ListItr
Event: 20.689 Loading class java/util/ArrayList$ListItr done
Event: 20.737 Loading class java/util/regex/Pattern$1
Event: 20.737 Loading class java/util/regex/Pattern$1 done
Event: 59.236 Loading class java/lang/ProcessBuilder
Event: 59.237 Loading class java/lang/ProcessBuilder done
Event: 59.237 Loading class java/lang/ProcessImpl
Event: 59.238 Loading class java/lang/ProcessImpl done
Event: 59.264 Loading class java/lang/ProcessImpl$2
Event: 59.264 Loading class java/lang/ProcessImpl$2 done
Event: 59.264 Loading class java/lang/Process$PipeInputStream
Event: 59.264 Loading class java/lang/Process$PipeInputStream done
Event: 59.265 Loading class jdk/internal/event/ProcessStartEvent
Event: 59.265 Loading class jdk/internal/event/ProcessStartEvent done
Event: 59.674 Loading class java/io/FileOutputStream$1
Event: 59.675 Loading class java/io/FileOutputStream$1 done

Classes unloaded (20 events):
Event: 69.951 Thread 0x000001abb709d140 Unloading class 0x00000001000d4400 'java/lang/invoke/LambdaForm$MH+0x00000001000d4400'
Event: 69.951 Thread 0x000001abb709d140 Unloading class 0x00000001000ccc00 'java/lang/invoke/LambdaForm$MH+0x00000001000ccc00'
Event: 69.951 Thread 0x000001abb709d140 Unloading class 0x00000001000cc800 'java/lang/invoke/LambdaForm$MH+0x00000001000cc800'
Event: 69.951 Thread 0x000001abb709d140 Unloading class 0x00000001000cc000 'java/lang/invoke/LambdaForm$MH+0x00000001000cc000'
Event: 69.951 Thread 0x000001abb709d140 Unloading class 0x00000001000cac00 'java/lang/invoke/LambdaForm$MH+0x00000001000cac00'
Event: 69.951 Thread 0x000001abb709d140 Unloading class 0x00000001000ca400 'java/lang/invoke/LambdaForm$MH+0x00000001000ca400'
Event: 69.951 Thread 0x000001abb709d140 Unloading class 0x00000001000ca000 'java/lang/invoke/LambdaForm$MH+0x00000001000ca000'
Event: 69.951 Thread 0x000001abb709d140 Unloading class 0x00000001000c9c00 'java/lang/invoke/LambdaForm$MH+0x00000001000c9c00'
Event: 69.951 Thread 0x000001abb709d140 Unloading class 0x00000001000c9800 'java/lang/invoke/LambdaForm$MH+0x00000001000c9800'
Event: 69.951 Thread 0x000001abb709d140 Unloading class 0x00000001000c9400 'java/lang/invoke/LambdaForm$MH+0x00000001000c9400'
Event: 69.951 Thread 0x000001abb709d140 Unloading class 0x00000001000c8c00 'java/lang/invoke/LambdaForm$MH+0x00000001000c8c00'
Event: 69.951 Thread 0x000001abb709d140 Unloading class 0x00000001000c8400 'java/lang/invoke/LambdaForm$MH+0x00000001000c8400'
Event: 80.214 Thread 0x000001abb709d140 Unloading class 0x0000000100560000 'java/lang/invoke/LambdaForm$DMH+0x0000000100560000'
Event: 80.214 Thread 0x000001abb709d140 Unloading class 0x00000001000ce800 'java/lang/invoke/LambdaForm$MH+0x00000001000ce800'
Event: 80.214 Thread 0x000001abb709d140 Unloading class 0x00000001000ce400 'java/lang/invoke/LambdaForm$MH+0x00000001000ce400'
Event: 80.214 Thread 0x000001abb709d140 Unloading class 0x00000001000ce000 'java/lang/invoke/LambdaForm$MH+0x00000001000ce000'
Event: 80.214 Thread 0x000001abb709d140 Unloading class 0x00000001000cdc00 'java/lang/invoke/LambdaForm$MH+0x00000001000cdc00'
Event: 80.214 Thread 0x000001abb709d140 Unloading class 0x00000001000cd800 'java/lang/invoke/LambdaForm$MH+0x00000001000cd800'
Event: 80.214 Thread 0x000001abb709d140 Unloading class 0x00000001000cd400 'java/lang/invoke/LambdaForm$MH+0x00000001000cd400'
Event: 80.214 Thread 0x000001abb709d140 Unloading class 0x00000001000cbc00 'java/lang/invoke/LambdaForm$MH+0x00000001000cbc00'

Classes redefined (0 events):
No events

Internal exceptions (20 events):
Event: 12.219 Thread 0x000001abac27ba20 Exception <a 'java/lang/NoSuchMethodError'{0x00000000c3c7d5e8}: 'java.lang.Object java.lang.invoke.DirectMethodHandle$Holder.invokeSpecial(java.lang.Object, java.lang.Object, int, java.lang.Object, java.lang.Object)'> (0x00000000c3c7d5e8) 
thrown [s\src\hotspot\share\interpreter\linkResolver.cpp, line 759]
Event: 12.219 Thread 0x000001abac27ba20 Exception <a 'java/lang/NoSuchMethodError'{0x00000000c3c81290}: 'java.lang.Object java.lang.invoke.DelegatingMethodHandle$Holder.delegate(java.lang.Object, int, java.lang.Object, java.lang.Object)'> (0x00000000c3c81290) 
thrown [s\src\hotspot\share\interpreter\linkResolver.cpp, line 759]
Event: 12.221 Thread 0x000001abac27ba20 Exception <a 'java/lang/NoSuchMethodError'{0x00000000c3c920f8}: 'int java.lang.invoke.Invokers$Holder.linkToTargetMethod(java.lang.Object, java.lang.Object, java.lang.Object)'> (0x00000000c3c920f8) 
thrown [s\src\hotspot\share\interpreter\linkResolver.cpp, line 759]
Event: 12.427 Thread 0x000001abac27ba20 Exception <a 'java/lang/NoSuchMethodError'{0x00000000c37588f8}: 'java.lang.Object java.lang.invoke.DirectMethodHandle$Holder.invokeStaticInit(java.lang.Object, int, int, int, int)'> (0x00000000c37588f8) 
thrown [s\src\hotspot\share\interpreter\linkResolver.cpp, line 759]
Event: 12.566 Thread 0x000001abac27ba20 Exception <a 'java/lang/NoSuchMethodError'{0x00000000c37b4400}: 'java.lang.Object java.lang.invoke.DirectMethodHandle$Holder.invokeStaticInit(java.lang.Object, java.lang.Object, int, int, int, int)'> (0x00000000c37b4400) 
thrown [s\src\hotspot\share\interpreter\linkResolver.cpp, line 759]
Event: 12.989 Thread 0x000001abac27ba20 Exception <a 'java/lang/NoSuchMethodError'{0x00000000c7f46c00}: 'void java.lang.invoke.DirectMethodHandle$Holder.invokeSpecialIFC(java.lang.Object, java.lang.Object, java.lang.Object)'> (0x00000000c7f46c00) 
thrown [s\src\hotspot\share\interpreter\linkResolver.cpp, line 759]
Event: 14.476 Thread 0x000001abac27ba20 Exception <a 'java/lang/NoSuchMethodError'{0x00000000c7f79d68}: 'int java.lang.invoke.DirectMethodHandle$Holder.invokeStaticInit(java.lang.Object, java.lang.Object, int, java.lang.Object)'> (0x00000000c7f79d68) 
thrown [s\src\hotspot\share\interpreter\linkResolver.cpp, line 759]
Event: 14.883 Thread 0x000001abac27ba20 Exception <a 'java/lang/NoSuchMethodError'{0x00000000c5bb6560}: 'void java.lang.invoke.DirectMethodHandle$Holder.invokeSpecial(java.lang.Object, java.lang.Object, java.lang.Object, java.lang.Object, java.lang.Object, java.lang.Object, java.lang.Object)'> (0x00000000c5bb6560) 
thrown [s\src\hotspot\share\interpreter\linkResolver.cpp, line 759]
Event: 18.733 Thread 0x000001abac27ba20 Exception <a 'java/lang/NoSuchMethodError'{0x00000000c42098a0}: 'java.lang.Object java.lang.invoke.DirectMethodHandle$Holder.invokeInterface(java.lang.Object, java.lang.Object, int)'> (0x00000000c42098a0) 
thrown [s\src\hotspot\share\interpreter\linkResolver.cpp, line 759]
Event: 18.741 Thread 0x000001abac27ba20 Exception <a 'java/lang/IncompatibleClassChangeError'{0x00000000c4220618}: Found class java.lang.Object, but interface was expected> (0x00000000c4220618) 
thrown [s\src\hotspot\share\interpreter\linkResolver.cpp, line 826]
Event: 19.219 Thread 0x000001abac27ba20 Exception <a 'java/lang/NoSuchMethodError'{0x00000000c3c20950}: 'java.lang.Object java.lang.invoke.DirectMethodHandle$Holder.newInvokeSpecial(java.lang.Object, java.lang.Object, int, java.lang.Object, java.lang.Object)'> (0x00000000c3c20950) 
thrown [s\src\hotspot\share\interpreter\linkResolver.cpp, line 759]
Event: 19.222 Thread 0x000001abac27ba20 Exception <a 'java/lang/NoSuchMethodError'{0x00000000c3c37958}: 'java.lang.Object java.lang.invoke.DirectMethodHandle$Holder.newInvokeSpecial(java.lang.Object, java.lang.Object, java.lang.Object, int)'> (0x00000000c3c37958) 
thrown [s\src\hotspot\share\interpreter\linkResolver.cpp, line 759]
Event: 19.222 Thread 0x000001abac27ba20 Exception <a 'java/lang/NoSuchMethodError'{0x00000000c3c3bc40}: 'java.lang.Object java.lang.invoke.DirectMethodHandle$Holder.invokeSpecial(java.lang.Object, java.lang.Object, java.lang.Object, java.lang.Object, int)'> (0x00000000c3c3bc40) 
thrown [s\src\hotspot\share\interpreter\linkResolver.cpp, line 759]
Event: 19.222 Thread 0x000001abac27ba20 Exception <a 'java/lang/NoSuchMethodError'{0x00000000c3c3f808}: 'java.lang.Object java.lang.invoke.Invokers$Holder.linkToTargetMethod(java.lang.Object, java.lang.Object, int, java.lang.Object)'> (0x00000000c3c3f808) 
thrown [s\src\hotspot\share\interpreter\linkResolver.cpp, line 759]
Event: 19.751 Thread 0x000001abb7dab770 Exception <a 'java/lang/NoSuchMethodError'{0x00000000c2ed1920}: 'java.lang.Object java.lang.invoke.DirectMethodHandle$Holder.invokeStatic(java.lang.Object, int, java.lang.Object)'> (0x00000000c2ed1920) 
thrown [s\src\hotspot\share\interpreter\linkResolver.cpp, line 759]
Event: 19.919 Thread 0x000001abbc993f00 Exception <a 'java/lang/NoSuchMethodError'{0x00000000c2d262e8}: 'java.lang.Object java.lang.invoke.DirectMethodHandle$Holder.invokeStatic(java.lang.Object, java.lang.Object, java.lang.Object, int, java.lang.Object, java.lang.Object)'> (0x00000000c2d262e8) 
thrown [s\src\hotspot\share\interpreter\linkResolver.cpp, line 759]
Event: 20.628 Thread 0x000001abbcdba630 Exception <a 'java/lang/NoSuchMethodError'{0x00000000c436ae08}: 'int java.lang.invoke.DirectMethodHandle$Holder.invokeStatic(java.lang.Object)'> (0x00000000c436ae08) 
thrown [s\src\hotspot\share\interpreter\linkResolver.cpp, line 759]
Event: 20.628 Thread 0x000001abbcdba630 Exception <a 'java/lang/NoSuchMethodError'{0x00000000c436e208}: 'int java.lang.invoke.DirectMethodHandle$Holder.invokeStaticInit(java.lang.Object)'> (0x00000000c436e208) 
thrown [s\src\hotspot\share\interpreter\linkResolver.cpp, line 759]
Event: 59.263 Thread 0x000001abbcbdd310 Exception <a 'java/lang/NoSuchMethodError'{0x00000000c3f024b0}: 'void java.lang.invoke.DirectMethodHandle$Holder.invokeStatic(java.lang.Object, long)'> (0x00000000c3f024b0) 
thrown [s\src\hotspot\share\interpreter\linkResolver.cpp, line 759]
Event: 59.264 Thread 0x000001abbcbdd310 Exception <a 'java/lang/NoSuchMethodError'{0x00000000c3f07858}: 'java.lang.Object java.lang.invoke.DirectMethodHandle$Holder.newInvokeSpecial(java.lang.Object, long)'> (0x00000000c3f07858) 
thrown [s\src\hotspot\share\interpreter\linkResolver.cpp, line 759]

VM Operations (20 events):
Event: 97696.730 Executing VM operation: G1CollectFull done
Event: 97706.963 Executing VM operation: G1CollectFull
Event: 97706.994 Executing VM operation: G1CollectFull done
Event: 97717.308 Executing VM operation: G1CollectFull
Event: 97717.338 Executing VM operation: G1CollectFull done
Event: 97728.043 Executing VM operation: G1CollectFull
Event: 97728.073 Executing VM operation: G1CollectFull done
Event: 97738.377 Executing VM operation: G1CollectFull
Event: 97738.407 Executing VM operation: G1CollectFull done
Event: 97748.653 Executing VM operation: G1CollectFull
Event: 97748.684 Executing VM operation: G1CollectFull done
Event: 97758.830 Executing VM operation: G1CollectFull
Event: 97758.863 Executing VM operation: G1CollectFull done
Event: 97769.117 Executing VM operation: G1CollectFull
Event: 97769.148 Executing VM operation: G1CollectFull done
Event: 97779.449 Executing VM operation: G1CollectFull
Event: 97779.483 Executing VM operation: G1CollectFull done
Event: 97791.033 Executing VM operation: G1CollectFull
Event: 97791.064 Executing VM operation: G1CollectFull done
Event: 97801.434 Executing VM operation: G1CollectFull

Events (20 events):
Event: 19.993 Thread 0x000001abbcceb9e0 Thread added: 0x000001abbcceb9e0
Event: 19.995 Thread 0x000001abbcdb82c0 Thread added: 0x000001abbcdb82c0
Event: 20.006 Thread 0x000001abbcdb7db0 Thread added: 0x000001abbcdb7db0
Event: 20.008 Thread 0x000001abbcdbb560 Thread added: 0x000001abbcdbb560
Event: 20.021 Thread 0x000001abbcdb9700 Thread added: 0x000001abbcdb9700
Event: 20.023 Thread 0x000001abbcdb9c10 Thread added: 0x000001abbcdb9c10
Event: 20.511 Thread 0x000001abbcdba630 Thread added: 0x000001abbcdba630
Event: 20.526 Thread 0x000001abbc3ab9b0 Thread exited: 0x000001abbc3ab9b0
Event: 20.628 Thread 0x000001abb73e2ce0 Thread exited: 0x000001abb73e2ce0
Event: 20.742 Thread 0x000001abbcdd58d0 Thread added: 0x000001abbcdd58d0
Event: 20.751 Thread 0x000001abb781d3e0 Thread added: 0x000001abb781d3e0
Event: 20.751 Thread 0x000001abbcdecda0 Thread added: 0x000001abbcdecda0
Event: 26.066 Thread 0x000001abb781d3e0 Thread exited: 0x000001abb781d3e0
Event: 26.066 Thread 0x000001abbcdecda0 Thread exited: 0x000001abbcdecda0
Event: 28.958 Thread 0x000001abbcdd58d0 Thread exited: 0x000001abbcdd58d0
Event: 80.025 Thread 0x000001abbcdbb560 Thread exited: 0x000001abbcdbb560
Event: 80.089 Thread 0x000001abbcdb9700 Thread exited: 0x000001abbcdb9700
Event: 81.072 Thread 0x000001abbcdb9c10 Thread exited: 0x000001abbcdb9c10
Event: 30060.894 Thread 0x000001abbcdb8ce0 Thread added: 0x000001abbcdb8ce0
Event: 30121.130 Thread 0x000001abbcdb8ce0 Thread exited: 0x000001abbcdb8ce0


Dynamic libraries:
0x00007ff7b87c0000 - 0x00007ff7b87ce000 	c:\Users\Admin\.vscode\extensions\redhat.java-1.34.0-win32-x64\jre\17.0.12-win32-x86_64\bin\java.exe
0x00007ffa84670000 - 0x00007ffa84868000 	C:\Windows\SYSTEM32\ntdll.dll
0x00007ffa83f20000 - 0x00007ffa83fe1000 	C:\Windows\System32\KERNEL32.DLL
0x00007ffa81e40000 - 0x00007ffa8213d000 	C:\Windows\System32\KERNELBASE.dll
0x00007ffa82260000 - 0x00007ffa82360000 	C:\Windows\System32\ucrtbase.dll
0x00007ffa61a80000 - 0x00007ffa61a97000 	c:\Users\Admin\.vscode\extensions\redhat.java-1.34.0-win32-x64\jre\17.0.12-win32-x86_64\bin\jli.dll
0x00007ffa600f0000 - 0x00007ffa6010b000 	c:\Users\Admin\.vscode\extensions\redhat.java-1.34.0-win32-x64\jre\17.0.12-win32-x86_64\bin\VCRUNTIME140.dll
0x00007ffa835a0000 - 0x00007ffa8373d000 	C:\Windows\System32\USER32.dll
0x00007ffa76af0000 - 0x00007ffa76d8a000 	C:\Windows\WinSxS\amd64_microsoft.windows.common-controls_6595b64144ccf1df_6.0.19041.4355_none_60b8b9eb71f62e16\COMCTL32.dll
0x00007ffa81d20000 - 0x00007ffa81d42000 	C:\Windows\System32\win32u.dll
0x00007ffa83a10000 - 0x00007ffa83aae000 	C:\Windows\System32\msvcrt.dll
0x00007ffa84550000 - 0x00007ffa8457b000 	C:\Windows\System32\GDI32.dll
0x00007ffa823f0000 - 0x00007ffa82507000 	C:\Windows\System32\gdi32full.dll
0x00007ffa81d50000 - 0x00007ffa81ded000 	C:\Windows\System32\msvcp_win.dll
0x00007ffa833a0000 - 0x00007ffa833cf000 	C:\Windows\System32\IMM32.DLL
0x00007ffa6f630000 - 0x00007ffa6f63c000 	c:\Users\Admin\.vscode\extensions\redhat.java-1.34.0-win32-x64\jre\17.0.12-win32-x86_64\bin\vcruntime140_1.dll
0x00007ffa528b0000 - 0x00007ffa5293d000 	c:\Users\Admin\.vscode\extensions\redhat.java-1.34.0-win32-x64\jre\17.0.12-win32-x86_64\bin\msvcp140.dll
0x00007ffa2d3d0000 - 0x00007ffa2e03a000 	c:\Users\Admin\.vscode\extensions\redhat.java-1.34.0-win32-x64\jre\17.0.12-win32-x86_64\bin\server\jvm.dll
0x00007ffa83960000 - 0x00007ffa83a10000 	C:\Windows\System32\ADVAPI32.dll
0x00007ffa82e10000 - 0x00007ffa82eb0000 	C:\Windows\System32\sechost.dll
0x00007ffa84420000 - 0x00007ffa84543000 	C:\Windows\System32\RPCRT4.dll
0x00007ffa82510000 - 0x00007ffa82537000 	C:\Windows\System32\bcrypt.dll
0x00007ffa83ff0000 - 0x00007ffa8405b000 	C:\Windows\System32\WS2_32.dll
0x00007ffa81b70000 - 0x00007ffa81bbb000 	C:\Windows\SYSTEM32\POWRPROF.dll
0x00007ffa768a0000 - 0x00007ffa768c7000 	C:\Windows\SYSTEM32\WINMM.dll
0x00007ffa7ad90000 - 0x00007ffa7ad9a000 	C:\Windows\SYSTEM32\VERSION.dll
0x00007ffa81b50000 - 0x00007ffa81b62000 	C:\Windows\SYSTEM32\UMPDC.dll
0x00007ffa7fb80000 - 0x00007ffa7fb92000 	C:\Windows\SYSTEM32\kernel.appcore.dll
0x00007ffa6aef0000 - 0x00007ffa6aefa000 	c:\Users\Admin\.vscode\extensions\redhat.java-1.34.0-win32-x64\jre\17.0.12-win32-x86_64\bin\jimage.dll
0x00007ffa6ce90000 - 0x00007ffa6d074000 	C:\Windows\SYSTEM32\DBGHELP.DLL
0x00007ffa6c810000 - 0x00007ffa6c844000 	C:\Windows\SYSTEM32\dbgcore.DLL
0x00007ffa82360000 - 0x00007ffa823e2000 	C:\Windows\System32\bcryptPrimitives.dll
0x00007ffa5fe40000 - 0x00007ffa5fe65000 	c:\Users\Admin\.vscode\extensions\redhat.java-1.34.0-win32-x64\jre\17.0.12-win32-x86_64\bin\java.dll
0x00007ffa56fa0000 - 0x00007ffa56fb8000 	c:\Users\Admin\.vscode\extensions\redhat.java-1.34.0-win32-x64\jre\17.0.12-win32-x86_64\bin\zip.dll
0x00007ffa826a0000 - 0x00007ffa82e0f000 	C:\Windows\System32\SHELL32.dll
0x00007ffa7fd80000 - 0x00007ffa8051f000 	C:\Windows\SYSTEM32\windows.storage.dll
0x00007ffa84060000 - 0x00007ffa843b3000 	C:\Windows\System32\combase.dll
0x00007ffa81590000 - 0x00007ffa815be000 	C:\Windows\SYSTEM32\Wldp.dll
0x00007ffa833e0000 - 0x00007ffa834ad000 	C:\Windows\System32\OLEAUT32.dll
0x00007ffa84580000 - 0x00007ffa8462d000 	C:\Windows\System32\SHCORE.dll
0x00007ffa843c0000 - 0x00007ffa84415000 	C:\Windows\System32\shlwapi.dll
0x00007ffa81c50000 - 0x00007ffa81c74000 	C:\Windows\SYSTEM32\profapi.dll
0x00007ffa53980000 - 0x00007ffa53999000 	C:\Users\Admin\.vscode\extensions\redhat.java-1.34.0-win32-x64\jre\17.0.12-win32-x86_64\bin\net.dll
0x00007ffa7c480000 - 0x00007ffa7c58d000 	C:\Windows\SYSTEM32\WINHTTP.dll
0x00007ffa81370000 - 0x00007ffa813da000 	C:\Windows\system32\mswsock.dll
0x00007ffa53230000 - 0x00007ffa53246000 	C:\Users\Admin\.vscode\extensions\redhat.java-1.34.0-win32-x64\jre\17.0.12-win32-x86_64\bin\nio.dll
0x00007ffa689c0000 - 0x00007ffa689d0000 	c:\Users\Admin\.vscode\extensions\redhat.java-1.34.0-win32-x64\jre\17.0.12-win32-x86_64\bin\verify.dll
0x00007ffa81610000 - 0x00007ffa81628000 	C:\Windows\SYSTEM32\CRYPTSP.dll
0x00007ffa80cb0000 - 0x00007ffa80ce4000 	C:\Windows\system32\rsaenh.dll
0x00007ffa81bc0000 - 0x00007ffa81bee000 	C:\Windows\SYSTEM32\USERENV.dll
0x00007ffa81500000 - 0x00007ffa8150c000 	C:\Windows\SYSTEM32\CRYPTBASE.dll
0x00007ffa81070000 - 0x00007ffa810ab000 	C:\Windows\SYSTEM32\IPHLPAPI.DLL
0x00007ffa82eb0000 - 0x00007ffa82eb8000 	C:\Windows\System32\NSI.dll
0x00007ffa7bb30000 - 0x00007ffa7bb47000 	C:\Windows\SYSTEM32\dhcpcsvc6.DLL
0x00007ffa7bb10000 - 0x00007ffa7bb2d000 	C:\Windows\SYSTEM32\dhcpcsvc.DLL
0x00007ffa810b0000 - 0x00007ffa8117a000 	C:\Windows\SYSTEM32\DNSAPI.dll
0x00007ffa5ea40000 - 0x00007ffa5ea49000 	C:\Users\Admin\.vscode\extensions\redhat.java-1.34.0-win32-x64\jre\17.0.12-win32-x86_64\bin\management.dll
0x00007ffa61b40000 - 0x00007ffa61b4b000 	C:\Users\Admin\.vscode\extensions\redhat.java-1.34.0-win32-x64\jre\17.0.12-win32-x86_64\bin\management_ext.dll
0x00007ffa83950000 - 0x00007ffa83958000 	C:\Windows\System32\PSAPI.DLL

dbghelp: loaded successfully - version: 4.0.5 - missing functions: none
symbol engine: initialized successfully - sym options: 0x614 - pdb path: .;c:\Users\Admin\.vscode\extensions\redhat.java-1.34.0-win32-x64\jre\17.0.12-win32-x86_64\bin;C:\Windows\SYSTEM32;C:\Windows\WinSxS\amd64_microsoft.windows.common-controls_6595b64144ccf1df_6.0.19041.4355_none_60b8b9eb71f62e16;c:\Users\Admin\.vscode\extensions\redhat.java-1.34.0-win32-x64\jre\17.0.12-win32-x86_64\bin\server

VM Arguments:
jvm_args: -Xmx1024m -Dsts.lsp.client=vscode -Dsts.log.file=/dev/null -XX:TieredStopAtLevel=1 -Xlog:jni+resolve=off -Dspring.config.location=file:c:\Users\Admin\.vscode\extensions\vmware.vscode-spring-boot-1.56.0\language-server\BOOT-INF\classes\application.properties 
java_command: org.springframework.ide.vscode.boot.app.BootLanguageServerBootApp
java_class_path (initial): c:\Users\Admin\.vscode\extensions\vmware.vscode-spring-boot-1.56.0\language-server\BOOT-INF\classes;c:\Users\Admin\.vscode\extensions\vmware.vscode-spring-boot-1.56.0\language-server\BOOT-INF\lib\annotations-24.1.0.jar;c:\Users\Admin\.vscode\extensions\vmware.vscode-spring-boot-1.56.0\language-server\BOOT-INF\lib\antlr4-runtime-4.13.1.jar;c:\Users\Admin\.vscode\extensions\vmware.vscode-spring-boot-1.56.0\language-server\BOOT-INF\lib\asm-9.7.jar;c:\Users\Admin\.vscode\extensions\vmware.vscode-spring-boot-1.56.0\language-server\BOOT-INF\lib\asm-analysis-9.7.jar;c:\Users\Admin\.vscode\extensions\vmware.vscode-spring-boot-1.56.0\language-server\BOOT-INF\lib\asm-tree-9.7.jar;c:\Users\Admin\.vscode\extensions\vmware.vscode-spring-boot-1.56.0\language-server\BOOT-INF\lib\asm-util-9.7.jar;c:\Users\Admin\.vscode\extensions\vmware.vscode-spring-boot-1.56.0\language-server\BOOT-INF\lib\caffeine-3.1.8.jar;c:\Users\Admin\.vscode\extensions\vmware.vscode-spring-boot-1.56.0\language-server\BOOT-INF\lib\checker-qual-3.12.0.jar;c:\Users\Admin\.vscode\extensions\vmware.vscode-spring-boot-1.56.0\language-server\BOOT-INF\lib\classgraph-4.8.149.jar;c:\Users\Admin\.vscode\extensions\vmware.vscode-spring-boot-1.56.0\language-server\BOOT-INF\lib\commons-codec-1.16.1.jar;c:\Users\Admin\.vscode\extensions\vmware.vscode-spring-boot-1.56.0\language-server\BOOT-INF\lib\commons-compress-1.26.2.jar;c:\Users\Admin\.vscode\extensions\vmware.vscode-spring-boot-1.56.0\language-server\BOOT-INF\lib\commons-io-2.16.1.jar;c:\Users\Admin\.vscode\extensions\vmware.vscode-spring-boot-1.56.0\language-server\BOOT-INF\lib\commons-java-1.56.0-SNAPSHOT.jar;c:\Users\Admin\.vscode\extensions\vmware.vscode-spring-boot-1.56.0\language-server\BOOT-INF\lib\commons-lang3-3.14.0.jar;c:\Users\Admin\.vscode\extensions\vmware.vscode-spring-boot-1.56.0\language-server\BOOT-INF\lib\commons-language-server-1.56.0-SNAPSHOT.jar;c:\Users\Admin\.vscode\extensions\vmware.vscode-spring-boot-1.56.0\langu
Launcher Type: SUN_STANDARD

[Global flags]
     intx CICompilerCount                          = 4                                         {product} {ergonomic}
     uint ConcGCThreads                            = 2                                         {product} {ergonomic}
     uint G1ConcRefinementThreads                  = 8                                         {product} {ergonomic}
   size_t G1HeapRegionSize                         = 1048576                                   {product} {ergonomic}
    uintx GCDrainStackTargetSize                   = 64                                        {product} {ergonomic}
   size_t InitialHeapSize                          = 134217728                                 {product} {ergonomic}
   size_t MarkStackSize                            = 4194304                                   {product} {ergonomic}
   size_t MaxHeapSize                              = 1073741824                                {product} {command line}
   size_t MaxNewSize                               = 643825664                                 {product} {ergonomic}
   size_t MinHeapDeltaBytes                        = 1048576                                   {product} {ergonomic}
   size_t MinHeapSize                              = 8388608                                   {product} {ergonomic}
    uintx NonProfiledCodeHeapSize                  = 0                                      {pd product} {ergonomic}
     bool ProfileInterpreter                       = false                                  {pd product} {command line}
    uintx ProfiledCodeHeapSize                     = 0                                      {pd product} {ergonomic}
   size_t SoftMaxHeapSize                          = 1073741824                             {manageable} {ergonomic}
     intx TieredStopAtLevel                        = 1                                         {product} {command line}
     bool UseCompressedClassPointers               = true                           {product lp64_product} {ergonomic}
     bool UseCompressedOops                        = true                           {product lp64_product} {ergonomic}
     bool UseG1GC                                  = true                                      {product} {ergonomic}
     bool UseLargePagesIndividualAllocation        = false                                  {pd product} {ergonomic}

Logging:
Log output configuration:
 #0: stdout all=warning,jni+resolve=off uptime,level,tags
 #1: stderr all=off uptime,level,tags

Environment Variables:
JAVA_HOME=C:\Program Files\java\jdk-17
PATH=C:\Program Files\Common Files\Oracle\Java\javapath;C:\Python312\Scripts\;C:\Python312\;C:\Windows\system32;C:\Windows;C:\Windows\System32\Wbem;C:\Windows\System32\WindowsPowerShell\v1.0\;C:\Windows\System32\OpenSSH\;C:\xampp\php;C:\ProgramData\ComposerSetup\bin;C:\Program Files\Git\cmd;C:\Program Files\java\openlogic-openjdk-8u402-b06-windows-64\bin;C:\Program Files\nodejs\node_modules\npm\bin;C:\Program Files\nodejs\;C:\ProgramData\chocolatey\bin;C:\Users\Admin\Downloads\apache-maven-3.9.6-bin\apache-maven-3.9.6\bin;C:\Program Files\Docker\Docker\resources\bin;C:\Program Files\java\jdk-17\bin;;C:\Program Files\Git LFS;C:\Program Files\PuTTY\;C:\Users\Admin\AppData\Local\Programs\Python\Python311\Scripts\;C:\Users\Admin\AppData\Local\Programs\Python\Python311\;C:\Users\Admin\AppData\Local\Microsoft\WindowsApps;C:\ngrok;C:\Program Files\JetBrains\PyCharm Community Edition 2023.2.5\bin;;C:\Users\Admin\AppData\Local\Programs\Microsoft VS Code\bin;C:\Users\Admin\AppData\Roaming\Composer\vendor\bin;C:\Users\Admin\AppData\Local\GitHubDesktop\bin;"C:\Program Files\nodejs;C:\Users\Admin\AppData\Roaming\npm";C:\Users\Admin\AppData\Roaming\npm
USERNAME=Admin
OS=Windows_NT
PROCESSOR_IDENTIFIER=Intel64 Family 6 Model 94 Stepping 3, GenuineIntel
TMP=C:\Users\Admin\AppData\Local\Temp
TEMP=C:\Users\Admin\AppData\Local\Temp



Periodic native trim disabled


---------------  S Y S T E M  ---------------

OS:
 Windows 10 , 64 bit Build 19041 (10.0.19041.4717)
OS uptime: 17 days 17:13 hours
Hyper-V role detected

CPU: total 8 (initial active 8) (4 cores per cpu, 2 threads per core) family 6 model 94 stepping 3 microcode 0xf2, cx8, cmov, fxsr, ht, mmx, 3dnowpref, sse, sse2, sse3, ssse3, sse4.1, sse4.2, popcnt, lzcnt, tsc, tscinvbit, avx, avx2, aes, erms, clmul, bmi1, bmi2, rtm, adx, fma, vzeroupper, clflush, clflushopt, hv
Processor Information for all 8 processors :
  Max Mhz: 3408, Current Mhz: 3408, Mhz Limit: 3408

Memory: 4k page, system-wide physical 8075M (984M free)
TotalPageFile size 32651M (AvailPageFile size 708M)
current process WorkingSet (physical memory assigned to process): 44M, peak: 172M
current process commit charge ("private bytes"): 213M, peak: 234M

vm_info: OpenJDK 64-Bit Server VM (17.0.12+7) for windows-amd64 JRE (17.0.12+7), built on Jul 16 2024 22:08:24 by "admin" with MS VC++ 16.10 / 16.11 (VS2019)

END.
